Unable to capture context for thread 248 in process 5832, can not generate back trace
Unable to capture context for thread 9568 in process 5832, can not generate back trace
Unable to capture context for thread 8356 in process 5832, can not generate back trace
Exception at PC 0x00007FFC3D9CBB93
Printing stacktrace...

Exception at PC 0x00007FFCC2EA4F69
Exception at PC 0x00007FFCC2EA4F69
Exception at PC 0x00007FFCC2EA4F69
Exception at PC 0x00007FFCC2EA4F69
Exception at PC 0x00007FFCC2EA4F69
Exception at PC 0x00007FFCC2EA4F69
Exception at PC 0x00007FFCC2EA4F69
Exception at PC 0x00007FFCC2EA4F69
Exception at PC 0x00007FFCC2EA4F69
Exception at PC 0x00007FFCC2EA4F69
Exception at PC 0x00007FFCC2EA4F69
Exception at PC 0x00007FFCC2EA4F69
Exception at PC 0x00007FFCC2EA4F69
[0]  [0x00007FFC3D9CBB93]
[1]  [0x00007FFC3D9CBB93]
[2]  [0x00007FFC3D9CB4A1]
[3]  [0x00007FFC3D9CB3EF]
[4]  [0x00007FFC3D9B19FE]
[5]  [0x00007FFC3D9B0ED1]
[6]  [0x00007FFC3D9B0D76]
[7]  [0x00007FFC3D9579F6]
[8]  [0x00007FFC3D947AFB]
[9]  [0x00007FFC3DA6E90A]
[10]  [0x00007FFC3DA89F87]
[11]  [0x00007FFC3DA8A05F]
[12] (BaseThreadInitThunk+0x14) [0x00007FFCC51C7034]
[13] (RtlUserThreadStart+0x21) [0x00007FFCC5302651]
Done
Exception at PC 0x00007FFCC2EA4F69
Exception at PC 0x00007FFCC2EA4F69
Exception at PC 0x00007FFCC2EA4F69
Exception at PC 0x00007FFCC2EA4F69
Exception at PC 0x00007FFCC2EA4F69
