#-----------------------------------------------------------
# Vivado v2016.4 (64-bit)
# SW Build 1733598 on Wed Dec 14 22:35:39 MST 2016
# IP Build 1731160 on Wed Dec 14 23:47:21 MST 2016
# Start of session at: Tue Dec 27 13:50:02 2022
# Process ID: 7380
# Current directory: C:/Users/Wegdan/Documents/GitHub/PLC_Project
# Command line: vivado.exe -gui_launcher_event rodinguilauncherevent10528 C:\Users\Wegdan\Documents\GitHub\PLC_Project\PLC_Project.xpr
# Log file: C:/Users/Wegdan/Documents/GitHub/PLC_Project/vivado.log
# Journal file: C:/Users/Wegdan/Documents/GitHub/PLC_Project\vivado.jou
#-----------------------------------------------------------
start_gui
open_project C:/Users/Wegdan/Documents/GitHub/PLC_Project/PLC_Project.xpr
INFO: [Project 1-313] Project file moved from 'C:/Users/Bassem/Documents/GitHub/PLC Project/PLC_Project' since last save.
Scanning sources...
Finished scanning sources
INFO: [IP_Flow 19-234] Refreshing IP repositories
INFO: [IP_Flow 19-1704] No user IP repositories specified
INFO: [IP_Flow 19-2313] Loaded Vivado IP repository 'C:/Xilinx/Vivado/2016.4/data/ip'.
add_files -norecurse {C:/Users/Wegdan/Desktop/plc/plc.srcs/sources_1/new/multiplieraccurate88.vhd C:/Users/Wegdan/Desktop/plc/plc.srcs/sources_1/new/Adder16Bit.vhd C:/Users/Wegdan/Desktop/plc/plc.srcs/sources_1/new/multiplierapprox88.vhd}
set_property SOURCE_SET sources_1 [get_filesets sim_1]
add_files -fileset sim_1 -norecurse {C:/Users/Wegdan/Desktop/plc/plc.srcs/sim_1/new/Adder16Bit_tb.vhd C:/Users/Wegdan/Desktop/plc/plc.srcs/sim_1/new/fulladder_tb.vhd C:/Users/Wegdan/Desktop/plc/plc.srcs/sim_1/new/multiplierapprox88_tb.vhd C:/Users/Wegdan/Desktop/plc/plc.srcs/sim_1/new/multiplieraccurate88_tb.vhd}
