#-----------------------------------------------------------
# Vivado v2016.4 (64-bit)
# SW Build 1733598 on Wed Dec 14 22:35:39 MST 2016
# IP Build 1731160 on Wed Dec 14 23:47:21 MST 2016
# Start of session at: Wed Dec 28 02:05:57 2022
# Process ID: 2212
# Current directory: C:/Users/Wegdan/Documents/GitHub/PLC_Project
# Command line: vivado.exe -gui_launcher_event rodinguilauncherevent2768 C:\Users\Wegdan\Documents\GitHub\PLC_Project\PLC_Project.xpr
# Log file: C:/Users/Wegdan/Documents/GitHub/PLC_Project/vivado.log
# Journal file: C:/Users/Wegdan/Documents/GitHub/PLC_Project\vivado.jou
#-----------------------------------------------------------
start_gui
open_project C:/Users/Wegdan/Documents/GitHub/PLC_Project/PLC_Project.xpr
INFO: [Project 1-313] Project file moved from 'C:/Users/Bassem/Documents/GitHub/PLC Project/PLC_Project' since last save.
Scanning sources...
Finished scanning sources
INFO: [IP_Flow 19-234] Refreshing IP repositories
INFO: [IP_Flow 19-1704] No user IP repositories specified
INFO: [IP_Flow 19-2313] Loaded Vivado IP repository 'C:/Xilinx/Vivado/2016.4/data/ip'.
open_project: Time (s): cpu = 00:00:09 ; elapsed = 00:00:08 . Memory (MB): peak = 780.363 ; gain = 136.277
launch_simulation
INFO: [SIM-utils-51] Simulation object is 'sim_1'
INFO: [USF-XSim-37] Inspecting design source files for 'multiplieraccurate88_tb' in fileset 'sim_1'...
INFO: [USF-XSim-97] Finding global include files...
INFO: [USF-XSim-98] Fetching design files from 'sim_1'...
INFO: [USF-XSim-2] XSim::Compile design
INFO: [USF-XSim-61] Executing 'COMPILE and ANALYZE' step in 'C:/Users/Wegdan/Documents/GitHub/PLC_Project/PLC_Project.sim/sim_1/behav'
"xvhdl -m64 --relax -prj multiplieraccurate88_tb_vhdl.prj"
INFO: [VRFC 10-163] Analyzing VHDL file "C:/Users/Wegdan/Documents/GitHub/PLC_Project/PLC_Project.srcs/sources_1/new/FA.vhd" into library xil_defaultlib
INFO: [VRFC 10-307] analyzing entity FA
INFO: [VRFC 10-163] Analyzing VHDL file "C:/Users/Wegdan/Documents/GitHub/PLC_Project/PLC_Project.srcs/sources_1/new/Accurate.vhd" into library xil_defaultlib
INFO: [VRFC 10-307] analyzing entity Accurate
INFO: [VRFC 10-163] Analyzing VHDL file "C:/Users/Wegdan/Documents/GitHub/PLC_Project/PLC_Project.srcs/sources_1/new/Adder_16bit.vhd" into library xil_defaultlib
INFO: [VRFC 10-307] analyzing entity Adder_16bit
INFO: [VRFC 10-163] Analyzing VHDL file "C:/Users/Wegdan/Documents/GitHub/PLC_Project/PLC_Project.srcs/sources_1/new/multiplieraccurate88.vhd" into library xil_defaultlib
INFO: [VRFC 10-307] analyzing entity multiplieraccurate88
INFO: [VRFC 10-163] Analyzing VHDL file "C:/Users/Wegdan/Documents/GitHub/PLC_Project/PLC_Project.srcs/sim_1/new/multiplieraccurate88_tb.vhd" into library xil_defaultlib
INFO: [VRFC 10-307] analyzing entity multiplieraccurate88_tb
INFO: [USF-XSim-69] 'compile' step finished in '1' seconds
INFO: [USF-XSim-3] XSim::Elaborate design
INFO: [USF-XSim-61] Executing 'ELABORATE' step in 'C:/Users/Wegdan/Documents/GitHub/PLC_Project/PLC_Project.sim/sim_1/behav'
Vivado Simulator 2016.4
Copyright 1986-1999, 2001-2016 Xilinx, Inc. All Rights Reserved.
Running: C:/Xilinx/Vivado/2016.4/bin/unwrapped/win64.o/xelab.exe -wto 1ba1becea8d54226a7bdd09e5cea07b9 --debug typical --relax --mt 2 -L xil_defaultlib -L secureip --snapshot multiplieraccurate88_tb_behav xil_defaultlib.multiplieraccurate88_tb -log elaborate.log 
Using 2 slave threads.
Starting static elaboration
Completed static elaboration
Starting simulation data flow analysis
Completed simulation data flow analysis
Time Resolution for simulation is 1ps
Compiling package std.standard
Compiling package std.textio
Compiling package ieee.std_logic_1164
Compiling architecture behavioral of entity xil_defaultlib.Accurate [accurate_default]
Compiling architecture behavioral of entity xil_defaultlib.FA [fa_default]
Compiling architecture behavioral of entity xil_defaultlib.Adder_16bit [adder_16bit_default]
Compiling architecture behavioral of entity xil_defaultlib.multiplieraccurate88 [multiplieraccurate88_default]
Compiling architecture behavioral of entity xil_defaultlib.multiplieraccurate88_tb
Built simulation snapshot multiplieraccurate88_tb_behav

****** Webtalk v2016.4 (64-bit)
  **** SW Build 1733598 on Wed Dec 14 22:35:39 MST 2016
  **** IP Build 1731160 on Wed Dec 14 23:47:21 MST 2016
    ** Copyright 1986-2016 Xilinx, Inc. All Rights Reserved.

source C:/Users/Wegdan/Documents/GitHub/PLC_Project/PLC_Project.sim/sim_1/behav/xsim.dir/multiplieraccurate88_tb_behav/webtalk/xsim_webtalk.tcl -notrace
INFO: [Common 17-206] Exiting Webtalk at Wed Dec 28 02:17:57 2022...
INFO: [USF-XSim-69] 'elaborate' step finished in '4' seconds
INFO: [USF-XSim-4] XSim::Simulate design
INFO: [USF-XSim-61] Executing 'SIMULATE' step in 'C:/Users/Wegdan/Documents/GitHub/PLC_Project/PLC_Project.sim/sim_1/behav'
INFO: [USF-XSim-98] *** Running xsim
   with args "multiplieraccurate88_tb_behav -key {Behavioral:sim_1:Functional:multiplieraccurate88_tb} -tclbatch {multiplieraccurate88_tb.tcl} -log {simulate.log}"
INFO: [USF-XSim-8] Loading simulator feature
Vivado Simulator 2016.4
Time resolution is 1 ps
source multiplieraccurate88_tb.tcl
# set curr_wave [current_wave_config]
# if { [string length $curr_wave] == 0 } {
#   if { [llength [get_objects]] > 0} {
#     add_wave /
#     set_property needs_save false [current_wave_config]
#   } else {
#      send_msg_id Add_Wave-1 WARNING "No top level signals found. Simulator will start without a wave window. If you want to open a wave window go to 'File->New Waveform Configuration' or type 'create_wave_config' in the TCL console."
#   }
# }
# run 1000ns
INFO: [USF-XSim-96] XSim completed. Design snapshot 'multiplieraccurate88_tb_behav' loaded.
INFO: [USF-XSim-97] XSim simulation ran for 1000ns
launch_simulation: Time (s): cpu = 00:00:04 ; elapsed = 00:00:08 . Memory (MB): peak = 811.430 ; gain = 0.000
relaunch_sim
INFO: [SIM-utils-51] Simulation object is 'sim_1'
INFO: [USF-XSim-37] Inspecting design source files for 'multiplieraccurate88_tb' in fileset 'sim_1'...
INFO: [USF-XSim-97] Finding global include files...
INFO: [USF-XSim-98] Fetching design files from 'sim_1'...
INFO: [USF-XSim-2] XSim::Compile design
INFO: [USF-XSim-61] Executing 'COMPILE and ANALYZE' step in 'C:/Users/Wegdan/Documents/GitHub/PLC_Project/PLC_Project.sim/sim_1/behav'
"xvhdl -m64 --relax -prj multiplieraccurate88_tb_vhdl.prj"
INFO: [VRFC 10-163] Analyzing VHDL file "C:/Users/Wegdan/Documents/GitHub/PLC_Project/PLC_Project.srcs/sources_1/new/FA.vhd" into library xil_defaultlib
INFO: [VRFC 10-307] analyzing entity FA
INFO: [VRFC 10-163] Analyzing VHDL file "C:/Users/Wegdan/Documents/GitHub/PLC_Project/PLC_Project.srcs/sources_1/new/Accurate.vhd" into library xil_defaultlib
INFO: [VRFC 10-307] analyzing entity Accurate
INFO: [VRFC 10-163] Analyzing VHDL file "C:/Users/Wegdan/Documents/GitHub/PLC_Project/PLC_Project.srcs/sources_1/new/Adder_16bit.vhd" into library xil_defaultlib
INFO: [VRFC 10-307] analyzing entity Adder_16bit
INFO: [VRFC 10-163] Analyzing VHDL file "C:/Users/Wegdan/Documents/GitHub/PLC_Project/PLC_Project.srcs/sources_1/new/multiplieraccurate88.vhd" into library xil_defaultlib
INFO: [VRFC 10-307] analyzing entity multiplieraccurate88
INFO: [VRFC 10-163] Analyzing VHDL file "C:/Users/Wegdan/Documents/GitHub/PLC_Project/PLC_Project.srcs/sim_1/new/multiplieraccurate88_tb.vhd" into library xil_defaultlib
INFO: [VRFC 10-307] analyzing entity multiplieraccurate88_tb
INFO: [USF-XSim-69] 'compile' step finished in '1' seconds
INFO: [USF-XSim-3] XSim::Elaborate design
INFO: [USF-XSim-61] Executing 'ELABORATE' step in 'C:/Users/Wegdan/Documents/GitHub/PLC_Project/PLC_Project.sim/sim_1/behav'
Vivado Simulator 2016.4
Copyright 1986-1999, 2001-2016 Xilinx, Inc. All Rights Reserved.
Running: C:/Xilinx/Vivado/2016.4/bin/unwrapped/win64.o/xelab.exe -wto 1ba1becea8d54226a7bdd09e5cea07b9 --debug typical --relax --mt 2 -L xil_defaultlib -L secureip --snapshot multiplieraccurate88_tb_behav xil_defaultlib.multiplieraccurate88_tb -log elaborate.log 
Using 2 slave threads.
Starting static elaboration
Completed static elaboration
Starting simulation data flow analysis
Completed simulation data flow analysis
Time Resolution for simulation is 1ps
Compiling package std.standard
Compiling package std.textio
Compiling package ieee.std_logic_1164
Compiling architecture behavioral of entity xil_defaultlib.Accurate [accurate_default]
Compiling architecture behavioral of entity xil_defaultlib.FA [fa_default]
Compiling architecture behavioral of entity xil_defaultlib.Adder_16bit [adder_16bit_default]
Compiling architecture behavioral of entity xil_defaultlib.multiplieraccurate88 [multiplieraccurate88_default]
Compiling architecture behavioral of entity xil_defaultlib.multiplieraccurate88_tb
Built simulation snapshot multiplieraccurate88_tb_behav
INFO: [USF-XSim-69] 'elaborate' step finished in '1' seconds
Vivado Simulator 2016.4
Time resolution is 1 ps
relaunch_sim: Time (s): cpu = 00:00:01 ; elapsed = 00:00:07 . Memory (MB): peak = 822.488 ; gain = 0.000
relaunch_sim
INFO: [SIM-utils-51] Simulation object is 'sim_1'
INFO: [USF-XSim-37] Inspecting design source files for 'multiplieraccurate88_tb' in fileset 'sim_1'...
INFO: [USF-XSim-97] Finding global include files...
INFO: [USF-XSim-98] Fetching design files from 'sim_1'...
INFO: [USF-XSim-2] XSim::Compile design
INFO: [USF-XSim-61] Executing 'COMPILE and ANALYZE' step in 'C:/Users/Wegdan/Documents/GitHub/PLC_Project/PLC_Project.sim/sim_1/behav'
"xvhdl -m64 --relax -prj multiplieraccurate88_tb_vhdl.prj"
INFO: [VRFC 10-163] Analyzing VHDL file "C:/Users/Wegdan/Documents/GitHub/PLC_Project/PLC_Project.srcs/sources_1/new/FA.vhd" into library xil_defaultlib
INFO: [VRFC 10-307] analyzing entity FA
INFO: [VRFC 10-163] Analyzing VHDL file "C:/Users/Wegdan/Documents/GitHub/PLC_Project/PLC_Project.srcs/sources_1/new/Accurate.vhd" into library xil_defaultlib
INFO: [VRFC 10-307] analyzing entity Accurate
INFO: [VRFC 10-163] Analyzing VHDL file "C:/Users/Wegdan/Documents/GitHub/PLC_Project/PLC_Project.srcs/sources_1/new/Adder_16bit.vhd" into library xil_defaultlib
INFO: [VRFC 10-307] analyzing entity Adder_16bit
INFO: [VRFC 10-163] Analyzing VHDL file "C:/Users/Wegdan/Documents/GitHub/PLC_Project/PLC_Project.srcs/sources_1/new/multiplieraccurate88.vhd" into library xil_defaultlib
INFO: [VRFC 10-307] analyzing entity multiplieraccurate88
INFO: [VRFC 10-163] Analyzing VHDL file "C:/Users/Wegdan/Documents/GitHub/PLC_Project/PLC_Project.srcs/sim_1/new/multiplieraccurate88_tb.vhd" into library xil_defaultlib
INFO: [VRFC 10-307] analyzing entity multiplieraccurate88_tb
INFO: [USF-XSim-69] 'compile' step finished in '1' seconds
INFO: [USF-XSim-3] XSim::Elaborate design
INFO: [USF-XSim-61] Executing 'ELABORATE' step in 'C:/Users/Wegdan/Documents/GitHub/PLC_Project/PLC_Project.sim/sim_1/behav'
Vivado Simulator 2016.4
Copyright 1986-1999, 2001-2016 Xilinx, Inc. All Rights Reserved.
Running: C:/Xilinx/Vivado/2016.4/bin/unwrapped/win64.o/xelab.exe -wto 1ba1becea8d54226a7bdd09e5cea07b9 --debug typical --relax --mt 2 -L xil_defaultlib -L secureip --snapshot multiplieraccurate88_tb_behav xil_defaultlib.multiplieraccurate88_tb -log elaborate.log 
Using 2 slave threads.
Starting static elaboration
Completed static elaboration
Starting simulation data flow analysis
Completed simulation data flow analysis
Time Resolution for simulation is 1ps
Compiling package std.standard
Compiling package std.textio
Compiling package ieee.std_logic_1164
Compiling architecture behavioral of entity xil_defaultlib.Accurate [accurate_default]
Compiling architecture behavioral of entity xil_defaultlib.FA [fa_default]
Compiling architecture behavioral of entity xil_defaultlib.Adder_16bit [adder_16bit_default]
Compiling architecture behavioral of entity xil_defaultlib.multiplieraccurate88 [multiplieraccurate88_default]
Compiling architecture behavioral of entity xil_defaultlib.multiplieraccurate88_tb
Built simulation snapshot multiplieraccurate88_tb_behav
INFO: [USF-XSim-69] 'elaborate' step finished in '2' seconds
Vivado Simulator 2016.4
Time resolution is 1 ps
relaunch_sim: Time (s): cpu = 00:00:01 ; elapsed = 00:00:05 . Memory (MB): peak = 822.488 ; gain = 0.000
relaunch_sim
INFO: [SIM-utils-51] Simulation object is 'sim_1'
INFO: [USF-XSim-37] Inspecting design source files for 'multiplieraccurate88_tb' in fileset 'sim_1'...
INFO: [USF-XSim-97] Finding global include files...
INFO: [USF-XSim-98] Fetching design files from 'sim_1'...
INFO: [USF-XSim-2] XSim::Compile design
INFO: [USF-XSim-61] Executing 'COMPILE and ANALYZE' step in 'C:/Users/Wegdan/Documents/GitHub/PLC_Project/PLC_Project.sim/sim_1/behav'
"xvhdl -m64 --relax -prj multiplieraccurate88_tb_vhdl.prj"
INFO: [VRFC 10-163] Analyzing VHDL file "C:/Users/Wegdan/Documents/GitHub/PLC_Project/PLC_Project.srcs/sources_1/new/FA.vhd" into library xil_defaultlib
INFO: [VRFC 10-307] analyzing entity FA
INFO: [VRFC 10-163] Analyzing VHDL file "C:/Users/Wegdan/Documents/GitHub/PLC_Project/PLC_Project.srcs/sources_1/new/Accurate.vhd" into library xil_defaultlib
INFO: [VRFC 10-307] analyzing entity Accurate
INFO: [VRFC 10-163] Analyzing VHDL file "C:/Users/Wegdan/Documents/GitHub/PLC_Project/PLC_Project.srcs/sources_1/new/Adder_16bit.vhd" into library xil_defaultlib
INFO: [VRFC 10-307] analyzing entity Adder_16bit
INFO: [VRFC 10-163] Analyzing VHDL file "C:/Users/Wegdan/Documents/GitHub/PLC_Project/PLC_Project.srcs/sources_1/new/multiplieraccurate88.vhd" into library xil_defaultlib
INFO: [VRFC 10-307] analyzing entity multiplieraccurate88
INFO: [VRFC 10-163] Analyzing VHDL file "C:/Users/Wegdan/Documents/GitHub/PLC_Project/PLC_Project.srcs/sim_1/new/multiplieraccurate88_tb.vhd" into library xil_defaultlib
INFO: [VRFC 10-307] analyzing entity multiplieraccurate88_tb
INFO: [USF-XSim-69] 'compile' step finished in '1' seconds
INFO: [USF-XSim-3] XSim::Elaborate design
INFO: [USF-XSim-61] Executing 'ELABORATE' step in 'C:/Users/Wegdan/Documents/GitHub/PLC_Project/PLC_Project.sim/sim_1/behav'
Vivado Simulator 2016.4
Copyright 1986-1999, 2001-2016 Xilinx, Inc. All Rights Reserved.
Running: C:/Xilinx/Vivado/2016.4/bin/unwrapped/win64.o/xelab.exe -wto 1ba1becea8d54226a7bdd09e5cea07b9 --debug typical --relax --mt 2 -L xil_defaultlib -L secureip --snapshot multiplieraccurate88_tb_behav xil_defaultlib.multiplieraccurate88_tb -log elaborate.log 
Using 2 slave threads.
Starting static elaboration
Completed static elaboration
Starting simulation data flow analysis
Completed simulation data flow analysis
Time Resolution for simulation is 1ps
Compiling package std.standard
Compiling package std.textio
Compiling package ieee.std_logic_1164
Compiling architecture behavioral of entity xil_defaultlib.Accurate [accurate_default]
Compiling architecture behavioral of entity xil_defaultlib.FA [fa_default]
Compiling architecture behavioral of entity xil_defaultlib.Adder_16bit [adder_16bit_default]
Compiling architecture behavioral of entity xil_defaultlib.multiplieraccurate88 [multiplieraccurate88_default]
Compiling architecture behavioral of entity xil_defaultlib.multiplieraccurate88_tb
Built simulation snapshot multiplieraccurate88_tb_behav
INFO: [USF-XSim-69] 'elaborate' step finished in '1' seconds
Vivado Simulator 2016.4
Time resolution is 1 ps
relaunch_sim: Time (s): cpu = 00:00:01 ; elapsed = 00:00:05 . Memory (MB): peak = 826.551 ; gain = 4.063
close_sim
INFO: [Simtcl 6-16] Simulation closed
exit
INFO: [Common 17-206] Exiting Vivado at Wed Dec 28 02:44:45 2022...
