Unable to capture context for thread 16636 in process 17740, can not generate back trace
Exception at PC 0x00007FFB6254BB93
Printing stacktrace...

Unable to capture context for thread 16636 in process 17740, can not generate back trace
Exception at PC 0x00007FFC18014F69
Exception at PC 0x00007FFC18014F69
Exception at PC 0x00007FFC18014F69
Exception at PC 0x00007FFC18014F69
Exception at PC 0x00007FFC18014F69
Exception at PC 0x00007FFC18014F69
Exception at PC 0x00007FFC18014F69
Exception at PC 0x00007FFC18014F69
Exception at PC 0x00007FFC18014F69
Exception at PC 0x00007FFC18014F69
Exception at PC 0x00007FFC18014F69
Exception at PC 0x00007FFC18014F69
Exception at PC 0x00007FFC18014F69
Exception at PC 0x00007FFC18014F69
[0]  [0x00007FFB6254BB93]
[1]  [0x00007FFB6254BB93]
[2]  [0x00007FFB6254B4A1]
[3]  [0x00007FFB6254B3EF]
[4]  [0x00007FFB625319FE]
[5]  [0x00007FFB62530ED1]
[6]  [0x00007FFB62530D76]
[7]  [0x00007FFB624D79F6]
[8]  [0x00007FFB624C7AFB]
[9]  [0x00007FFB625EE90A]
[10]  [0x00007FFB62609F87]
[11]  [0x00007FFB6260A05F]
[12] (BaseThreadInitThunk+0x14) [0x00007FFC19C97034]
[13] (RtlUserThreadStart+0x21) [0x00007FFC1A882651]
Done
Exception at PC 0x00007FFC18014F69
Exception at PC 0x00007FFC18014F69
Exception at PC 0x00007FFC18014F69
Exception at PC 0x00007FFC18014F69
