Unable to capture context for thread 8656 in process 5904, can not generate back trace
Exception at PC 0x00007FFCBCD6BB93
Printing stacktrace...

Exception at PC 0x00007FFD15AB4F69
Exception at PC 0x00007FFD15AB4F69
Exception at PC 0x00007FFD15AB4F69
Exception at PC 0x00007FFD15AB4F69
Exception at PC 0x00007FFD15AB4F69
Exception at PC 0x00007FFD15AB4F69
Exception at PC 0x00007FFD15AB4F69
Exception at PC 0x00007FFD15AB4F69
Exception at PC 0x00007FFD15AB4F69
Exception at PC 0x00007FFD15AB4F69
Exception at PC 0x00007FFD15AB4F69
Exception at PC 0x00007FFD15AB4F69
Exception at PC 0x00007FFD15AB4F69
Exception at PC 0x00007FFD15AB4F69
Exception at PC 0x00007FFD15AB4F69
Exception at PC 0x00007FFD15AB4F69
Exception at PC 0x00007FFD15AB4F69
Exception at PC 0x00007FFD15AB4F69
[0]  [0x00007FFCBCD6BB93]
[1]  [0x00007FFCBCD6BB93]
[2]  [0x00007FFCBCD6B4A1]
[3]  [0x00007FFCBCD6B3EF]
[4]  [0x00007FFCBCD519FE]
[5]  [0x00007FFCBCD50ED1]
[6]  [0x00007FFCBCD50D76]
[7]  [0x00007FFCBCCF79F6]
[8]  [0x00007FFCBCCE7AFB]
[9]  [0x00007FFCBCE0E90A]
[10]  [0x00007FFCBCE29F87]
[11]  [0x00007FFCBCE2A05F]
[12] (BaseThreadInitThunk+0x14) [0x00007FFD16F47034]
[13] (RtlUserThreadStart+0x21) [0x00007FFD180E2651]
Done
