Exception at PC 0x00007FFCC5304F69
Unable to capture context for thread 13188 in process 12908, can not generate back trace
Unable to capture context for thread 1400 in process 12908, can not generate back trace
Unable to capture context for thread 8144 in process 12908, can not generate back trace
Exception at PC 0x00007FFCA9F9BB93
Printing stacktrace...

Unable to capture context for thread 8144 in process 12908, can not generate back trace
Exception at PC 0x00007FFCC5304F69
Exception at PC 0x00007FFCC5304F69
Exception at PC 0x00007FFCC5304F69
Exception at PC 0x00007FFCC5304F69
Exception at PC 0x00007FFCC5304F69
Exception at PC 0x00007FFCC5304F69
Exception at PC 0x00007FFCC5304F69
Exception at PC 0x00007FFCC5304F69
Exception at PC 0x00007FFCC5304F69
Exception at PC 0x00007FFCC5304F69
Exception at PC 0x00007FFCC5304F69
Exception at PC 0x00007FFCC5304F69
Exception at PC 0x00007FFCC5304F69
Exception at PC 0x00007FFCC5304F69
Exception at PC 0x00007FFCC5304F69
Exception at PC 0x00007FFCC5304F69
Exception at PC 0x00007FFCC5304F69
[0]  [0x00007FFCA9F9BB93]
[1]  [0x00007FFCA9F9BB93]
[2]  [0x00007FFCA9F9B4A1]
[3]  [0x00007FFCA9F9B3EF]
[4]  [0x00007FFCA9F819FE]
[5]  [0x00007FFCA9F80ED1]
[6]  [0x00007FFCA9F80D76]
[7]  [0x00007FFCA9F279F6]
[8]  [0x00007FFCA9F17AFB]
[9]  [0x00007FFCAA03E90A]
[10]  [0x00007FFCAA059F87]
[11]  [0x00007FFCAA05A05F]
[12] (BaseThreadInitThunk+0x14) [0x00007FFCC6937034]
[13] (RtlUserThreadStart+0x21) [0x00007FFCC79E2651]
Done
