
*** Running vivado
    with args -log MAC_acc.vds -m64 -product Vivado -mode batch -messageDb vivado.pb -notrace -source MAC_acc.tcl


****** Vivado v2016.4 (64-bit)
  **** SW Build 1733598 on Wed Dec 14 22:35:39 MST 2016
  **** IP Build 1731160 on Wed Dec 14 23:47:21 MST 2016
    ** Copyright 1986-2016 Xilinx, Inc. All Rights Reserved.

source MAC_acc.tcl -notrace
Command: synth_design -top MAC_acc -part xc7k70tfbv676-1
Starting synth_design
Attempting to get a license for feature 'Synthesis' and/or device 'xc7k70t'
INFO: [Common 17-349] Got license for feature 'Synthesis' and/or device 'xc7k70t'
INFO: Launching helper process for spawning children vivado processes
INFO: Helper process launched with PID 10972 
---------------------------------------------------------------------------------
Starting Synthesize : Time (s): cpu = 00:00:05 ; elapsed = 00:00:07 . Memory (MB): peak = 304.254 ; gain = 94.109
---------------------------------------------------------------------------------
INFO: [Synth 8-638] synthesizing module 'MAC_acc' [D:/PLC_Project/PLC_Project.srcs/sources_1/new/MAC_acc.vhd:43]
INFO: [Synth 8-3491] module 'accMult_8x8v1' declared at 'D:/PLC_Project/PLC_Project.srcs/sources_1/new/accMult_8x8v1.vhd:34' bound to instance 'prod_1' of component 'accMult_8x8v1' [D:/PLC_Project/PLC_Project.srcs/sources_1/new/MAC_acc.vhd:63]
INFO: [Synth 8-638] synthesizing module 'accMult_8x8v1' [D:/PLC_Project/PLC_Project.srcs/sources_1/new/accMult_8x8v1.vhd:40]
INFO: [Synth 8-3491] module 'accMult_4x4' declared at 'D:/PLC_Project/PLC_Project.srcs/sources_1/new/accMult_4x4.vhd:15' bound to instance 'Partial1' of component 'accMult_4x4' [D:/PLC_Project/PLC_Project.srcs/sources_1/new/accMult_8x8v1.vhd:74]
INFO: [Synth 8-638] synthesizing module 'accMult_4x4' [D:/PLC_Project/PLC_Project.srcs/sources_1/new/accMult_4x4.vhd:21]
INFO: [Synth 8-3491] module 'accMult_2x2' declared at 'D:/PLC_Project/PLC_Project.srcs/sources_1/new/accMult_2x2.vhd:34' bound to instance 'mult1' of component 'accMult_2x2' [D:/PLC_Project/PLC_Project.srcs/sources_1/new/accMult_4x4.vhd:55]
INFO: [Synth 8-638] synthesizing module 'accMult_2x2' [D:/PLC_Project/PLC_Project.srcs/sources_1/new/accMult_2x2.vhd:40]
INFO: [Synth 8-256] done synthesizing module 'accMult_2x2' (1#1) [D:/PLC_Project/PLC_Project.srcs/sources_1/new/accMult_2x2.vhd:40]
INFO: [Synth 8-3491] module 'accMult_2x2' declared at 'D:/PLC_Project/PLC_Project.srcs/sources_1/new/accMult_2x2.vhd:34' bound to instance 'mult2' of component 'accMult_2x2' [D:/PLC_Project/PLC_Project.srcs/sources_1/new/accMult_4x4.vhd:56]
INFO: [Synth 8-3491] module 'accMult_2x2' declared at 'D:/PLC_Project/PLC_Project.srcs/sources_1/new/accMult_2x2.vhd:34' bound to instance 'mult3' of component 'accMult_2x2' [D:/PLC_Project/PLC_Project.srcs/sources_1/new/accMult_4x4.vhd:57]
INFO: [Synth 8-3491] module 'accMult_2x2' declared at 'D:/PLC_Project/PLC_Project.srcs/sources_1/new/accMult_2x2.vhd:34' bound to instance 'mult4' of component 'accMult_2x2' [D:/PLC_Project/PLC_Project.srcs/sources_1/new/accMult_4x4.vhd:58]
INFO: [Synth 8-3491] module 'Adder_4bit' declared at 'D:/PLC_Project/PLC_Project.srcs/sources_1/new/Adder_4bit.vhd:7' bound to instance 'Adder4Bit_1' of component 'Adder_4bit' [D:/PLC_Project/PLC_Project.srcs/sources_1/new/accMult_4x4.vhd:61]
INFO: [Synth 8-638] synthesizing module 'Adder_4bit' [D:/PLC_Project/PLC_Project.srcs/sources_1/new/Adder_4bit.vhd:16]
INFO: [Synth 8-3491] module 'FA' declared at 'D:/PLC_Project/PLC_Project.srcs/sources_1/new/FA.vhd:34' bound to instance 'adder1' of component 'FA' [D:/PLC_Project/PLC_Project.srcs/sources_1/new/Adder_4bit.vhd:32]
INFO: [Synth 8-638] synthesizing module 'FA' [D:/PLC_Project/PLC_Project.srcs/sources_1/new/FA.vhd:42]
INFO: [Synth 8-256] done synthesizing module 'FA' (2#1) [D:/PLC_Project/PLC_Project.srcs/sources_1/new/FA.vhd:42]
INFO: [Synth 8-3491] module 'FA' declared at 'D:/PLC_Project/PLC_Project.srcs/sources_1/new/FA.vhd:34' bound to instance 'adder1' of component 'FA' [D:/PLC_Project/PLC_Project.srcs/sources_1/new/Adder_4bit.vhd:32]
INFO: [Synth 8-3491] module 'FA' declared at 'D:/PLC_Project/PLC_Project.srcs/sources_1/new/FA.vhd:34' bound to instance 'adder1' of component 'FA' [D:/PLC_Project/PLC_Project.srcs/sources_1/new/Adder_4bit.vhd:32]
INFO: [Synth 8-3491] module 'FA' declared at 'D:/PLC_Project/PLC_Project.srcs/sources_1/new/FA.vhd:34' bound to instance 'adder1' of component 'FA' [D:/PLC_Project/PLC_Project.srcs/sources_1/new/Adder_4bit.vhd:32]
INFO: [Synth 8-256] done synthesizing module 'Adder_4bit' (3#1) [D:/PLC_Project/PLC_Project.srcs/sources_1/new/Adder_4bit.vhd:16]
INFO: [Synth 8-3491] module 'Adder_4bit' declared at 'D:/PLC_Project/PLC_Project.srcs/sources_1/new/Adder_4bit.vhd:7' bound to instance 'Adder4Bit_2' of component 'Adder_4bit' [D:/PLC_Project/PLC_Project.srcs/sources_1/new/accMult_4x4.vhd:68]
INFO: [Synth 8-3491] module 'FA' declared at 'D:/PLC_Project/PLC_Project.srcs/sources_1/new/FA.vhd:34' bound to instance 'FA1' of component 'FA' [D:/PLC_Project/PLC_Project.srcs/sources_1/new/accMult_4x4.vhd:69]
INFO: [Synth 8-3491] module 'Adder_4bit' declared at 'D:/PLC_Project/PLC_Project.srcs/sources_1/new/Adder_4bit.vhd:7' bound to instance 'Adder4Bit_3' of component 'Adder_4bit' [D:/PLC_Project/PLC_Project.srcs/sources_1/new/accMult_4x4.vhd:74]
INFO: [Synth 8-256] done synthesizing module 'accMult_4x4' (4#1) [D:/PLC_Project/PLC_Project.srcs/sources_1/new/accMult_4x4.vhd:21]
INFO: [Synth 8-3491] module 'accMult_4x4' declared at 'D:/PLC_Project/PLC_Project.srcs/sources_1/new/accMult_4x4.vhd:15' bound to instance 'Partial2' of component 'accMult_4x4' [D:/PLC_Project/PLC_Project.srcs/sources_1/new/accMult_8x8v1.vhd:75]
INFO: [Synth 8-3491] module 'accMult_4x4' declared at 'D:/PLC_Project/PLC_Project.srcs/sources_1/new/accMult_4x4.vhd:15' bound to instance 'Partial3' of component 'accMult_4x4' [D:/PLC_Project/PLC_Project.srcs/sources_1/new/accMult_8x8v1.vhd:76]
INFO: [Synth 8-3491] module 'accMult_4x4' declared at 'D:/PLC_Project/PLC_Project.srcs/sources_1/new/accMult_4x4.vhd:15' bound to instance 'Partial4' of component 'accMult_4x4' [D:/PLC_Project/PLC_Project.srcs/sources_1/new/accMult_8x8v1.vhd:77]
INFO: [Synth 8-3491] module 'Adder_8bit' declared at 'D:/PLC_Project/PLC_Project.srcs/sources_1/new/Adder_8bit.vhd:7' bound to instance 'ADDSUB1' of component 'Adder_8bit' [D:/PLC_Project/PLC_Project.srcs/sources_1/new/accMult_8x8v1.vhd:81]
INFO: [Synth 8-638] synthesizing module 'Adder_8bit' [D:/PLC_Project/PLC_Project.srcs/sources_1/new/Adder_8bit.vhd:16]
INFO: [Synth 8-3491] module 'FA' declared at 'D:/PLC_Project/PLC_Project.srcs/sources_1/new/FA.vhd:34' bound to instance 'adder1' of component 'FA' [D:/PLC_Project/PLC_Project.srcs/sources_1/new/Adder_8bit.vhd:32]
INFO: [Synth 8-3491] module 'FA' declared at 'D:/PLC_Project/PLC_Project.srcs/sources_1/new/FA.vhd:34' bound to instance 'adder1' of component 'FA' [D:/PLC_Project/PLC_Project.srcs/sources_1/new/Adder_8bit.vhd:32]
INFO: [Synth 8-3491] module 'FA' declared at 'D:/PLC_Project/PLC_Project.srcs/sources_1/new/FA.vhd:34' bound to instance 'adder1' of component 'FA' [D:/PLC_Project/PLC_Project.srcs/sources_1/new/Adder_8bit.vhd:32]
INFO: [Synth 8-3491] module 'FA' declared at 'D:/PLC_Project/PLC_Project.srcs/sources_1/new/FA.vhd:34' bound to instance 'adder1' of component 'FA' [D:/PLC_Project/PLC_Project.srcs/sources_1/new/Adder_8bit.vhd:32]
INFO: [Synth 8-3491] module 'FA' declared at 'D:/PLC_Project/PLC_Project.srcs/sources_1/new/FA.vhd:34' bound to instance 'adder1' of component 'FA' [D:/PLC_Project/PLC_Project.srcs/sources_1/new/Adder_8bit.vhd:32]
INFO: [Synth 8-3491] module 'FA' declared at 'D:/PLC_Project/PLC_Project.srcs/sources_1/new/FA.vhd:34' bound to instance 'adder1' of component 'FA' [D:/PLC_Project/PLC_Project.srcs/sources_1/new/Adder_8bit.vhd:32]
INFO: [Synth 8-3491] module 'FA' declared at 'D:/PLC_Project/PLC_Project.srcs/sources_1/new/FA.vhd:34' bound to instance 'adder1' of component 'FA' [D:/PLC_Project/PLC_Project.srcs/sources_1/new/Adder_8bit.vhd:32]
INFO: [Synth 8-3491] module 'FA' declared at 'D:/PLC_Project/PLC_Project.srcs/sources_1/new/FA.vhd:34' bound to instance 'adder1' of component 'FA' [D:/PLC_Project/PLC_Project.srcs/sources_1/new/Adder_8bit.vhd:32]
INFO: [Synth 8-256] done synthesizing module 'Adder_8bit' (5#1) [D:/PLC_Project/PLC_Project.srcs/sources_1/new/Adder_8bit.vhd:16]
INFO: [Synth 8-3491] module 'Adder_8bit' declared at 'D:/PLC_Project/PLC_Project.srcs/sources_1/new/Adder_8bit.vhd:7' bound to instance 'ADDSUB2' of component 'Adder_8bit' [D:/PLC_Project/PLC_Project.srcs/sources_1/new/accMult_8x8v1.vhd:86]
INFO: [Synth 8-3491] module 'FA' declared at 'D:/PLC_Project/PLC_Project.srcs/sources_1/new/FA.vhd:34' bound to instance 'KAMEL8ADD' of component 'FA' [D:/PLC_Project/PLC_Project.srcs/sources_1/new/accMult_8x8v1.vhd:87]
INFO: [Synth 8-3491] module 'Adder_8bit' declared at 'D:/PLC_Project/PLC_Project.srcs/sources_1/new/Adder_8bit.vhd:7' bound to instance 'ADDNOSRES' of component 'Adder_8bit' [D:/PLC_Project/PLC_Project.srcs/sources_1/new/accMult_8x8v1.vhd:93]
INFO: [Synth 8-256] done synthesizing module 'accMult_8x8v1' (6#1) [D:/PLC_Project/PLC_Project.srcs/sources_1/new/accMult_8x8v1.vhd:40]
INFO: [Synth 8-3491] module 'accMult_8x8v1' declared at 'D:/PLC_Project/PLC_Project.srcs/sources_1/new/accMult_8x8v1.vhd:34' bound to instance 'prod_2' of component 'accMult_8x8v1' [D:/PLC_Project/PLC_Project.srcs/sources_1/new/MAC_acc.vhd:64]
INFO: [Synth 8-3491] module 'Adder_16bit' declared at 'D:/PLC_Project/PLC_Project.srcs/sources_1/new/Adder_16bit.vhd:34' bound to instance 'accumulate' of component 'Adder_16bit' [D:/PLC_Project/PLC_Project.srcs/sources_1/new/MAC_acc.vhd:66]
INFO: [Synth 8-638] synthesizing module 'Adder_16bit' [D:/PLC_Project/PLC_Project.srcs/sources_1/new/Adder_16bit.vhd:42]
INFO: [Synth 8-3491] module 'FA' declared at 'D:/PLC_Project/PLC_Project.srcs/sources_1/new/FA.vhd:34' bound to instance 'adder1' of component 'FA' [D:/PLC_Project/PLC_Project.srcs/sources_1/new/Adder_16bit.vhd:57]
INFO: [Synth 8-3491] module 'FA' declared at 'D:/PLC_Project/PLC_Project.srcs/sources_1/new/FA.vhd:34' bound to instance 'adder1' of component 'FA' [D:/PLC_Project/PLC_Project.srcs/sources_1/new/Adder_16bit.vhd:57]
INFO: [Synth 8-3491] module 'FA' declared at 'D:/PLC_Project/PLC_Project.srcs/sources_1/new/FA.vhd:34' bound to instance 'adder1' of component 'FA' [D:/PLC_Project/PLC_Project.srcs/sources_1/new/Adder_16bit.vhd:57]
INFO: [Synth 8-3491] module 'FA' declared at 'D:/PLC_Project/PLC_Project.srcs/sources_1/new/FA.vhd:34' bound to instance 'adder1' of component 'FA' [D:/PLC_Project/PLC_Project.srcs/sources_1/new/Adder_16bit.vhd:57]
INFO: [Synth 8-3491] module 'FA' declared at 'D:/PLC_Project/PLC_Project.srcs/sources_1/new/FA.vhd:34' bound to instance 'adder1' of component 'FA' [D:/PLC_Project/PLC_Project.srcs/sources_1/new/Adder_16bit.vhd:57]
INFO: [Synth 8-3491] module 'FA' declared at 'D:/PLC_Project/PLC_Project.srcs/sources_1/new/FA.vhd:34' bound to instance 'adder1' of component 'FA' [D:/PLC_Project/PLC_Project.srcs/sources_1/new/Adder_16bit.vhd:57]
INFO: [Synth 8-3491] module 'FA' declared at 'D:/PLC_Project/PLC_Project.srcs/sources_1/new/FA.vhd:34' bound to instance 'adder1' of component 'FA' [D:/PLC_Project/PLC_Project.srcs/sources_1/new/Adder_16bit.vhd:57]
INFO: [Synth 8-3491] module 'FA' declared at 'D:/PLC_Project/PLC_Project.srcs/sources_1/new/FA.vhd:34' bound to instance 'adder1' of component 'FA' [D:/PLC_Project/PLC_Project.srcs/sources_1/new/Adder_16bit.vhd:57]
INFO: [Synth 8-3491] module 'FA' declared at 'D:/PLC_Project/PLC_Project.srcs/sources_1/new/FA.vhd:34' bound to instance 'adder1' of component 'FA' [D:/PLC_Project/PLC_Project.srcs/sources_1/new/Adder_16bit.vhd:57]
INFO: [Synth 8-3491] module 'FA' declared at 'D:/PLC_Project/PLC_Project.srcs/sources_1/new/FA.vhd:34' bound to instance 'adder1' of component 'FA' [D:/PLC_Project/PLC_Project.srcs/sources_1/new/Adder_16bit.vhd:57]
INFO: [Synth 8-3491] module 'FA' declared at 'D:/PLC_Project/PLC_Project.srcs/sources_1/new/FA.vhd:34' bound to instance 'adder1' of component 'FA' [D:/PLC_Project/PLC_Project.srcs/sources_1/new/Adder_16bit.vhd:57]
INFO: [Synth 8-3491] module 'FA' declared at 'D:/PLC_Project/PLC_Project.srcs/sources_1/new/FA.vhd:34' bound to instance 'adder1' of component 'FA' [D:/PLC_Project/PLC_Project.srcs/sources_1/new/Adder_16bit.vhd:57]
INFO: [Synth 8-3491] module 'FA' declared at 'D:/PLC_Project/PLC_Project.srcs/sources_1/new/FA.vhd:34' bound to instance 'adder1' of component 'FA' [D:/PLC_Project/PLC_Project.srcs/sources_1/new/Adder_16bit.vhd:57]
INFO: [Synth 8-3491] module 'FA' declared at 'D:/PLC_Project/PLC_Project.srcs/sources_1/new/FA.vhd:34' bound to instance 'adder1' of component 'FA' [D:/PLC_Project/PLC_Project.srcs/sources_1/new/Adder_16bit.vhd:57]
INFO: [Synth 8-3491] module 'FA' declared at 'D:/PLC_Project/PLC_Project.srcs/sources_1/new/FA.vhd:34' bound to instance 'adder1' of component 'FA' [D:/PLC_Project/PLC_Project.srcs/sources_1/new/Adder_16bit.vhd:57]
INFO: [Synth 8-3491] module 'FA' declared at 'D:/PLC_Project/PLC_Project.srcs/sources_1/new/FA.vhd:34' bound to instance 'adder1' of component 'FA' [D:/PLC_Project/PLC_Project.srcs/sources_1/new/Adder_16bit.vhd:57]
INFO: [Synth 8-256] done synthesizing module 'Adder_16bit' (7#1) [D:/PLC_Project/PLC_Project.srcs/sources_1/new/Adder_16bit.vhd:42]
INFO: [Synth 8-3491] module 'Adder_16bit' declared at 'D:/PLC_Project/PLC_Project.srcs/sources_1/new/Adder_16bit.vhd:34' bound to instance 'add_bias' of component 'Adder_16bit' [D:/PLC_Project/PLC_Project.srcs/sources_1/new/MAC_acc.vhd:68]
WARNING: [Synth 8-3848] Net MAC_out in module/entity MAC_acc does not have driver. [D:/PLC_Project/PLC_Project.srcs/sources_1/new/MAC_acc.vhd:40]
INFO: [Synth 8-256] done synthesizing module 'MAC_acc' (8#1) [D:/PLC_Project/PLC_Project.srcs/sources_1/new/MAC_acc.vhd:43]
WARNING: [Synth 8-3331] design MAC_acc has unconnected port MAC_out[17]
WARNING: [Synth 8-3331] design MAC_acc has unconnected port MAC_out[16]
WARNING: [Synth 8-3331] design MAC_acc has unconnected port MAC_out[15]
WARNING: [Synth 8-3331] design MAC_acc has unconnected port MAC_out[14]
WARNING: [Synth 8-3331] design MAC_acc has unconnected port MAC_out[13]
WARNING: [Synth 8-3331] design MAC_acc has unconnected port MAC_out[12]
WARNING: [Synth 8-3331] design MAC_acc has unconnected port MAC_out[11]
WARNING: [Synth 8-3331] design MAC_acc has unconnected port MAC_out[10]
WARNING: [Synth 8-3331] design MAC_acc has unconnected port MAC_out[9]
WARNING: [Synth 8-3331] design MAC_acc has unconnected port MAC_out[8]
WARNING: [Synth 8-3331] design MAC_acc has unconnected port MAC_out[7]
WARNING: [Synth 8-3331] design MAC_acc has unconnected port MAC_out[6]
WARNING: [Synth 8-3331] design MAC_acc has unconnected port MAC_out[5]
WARNING: [Synth 8-3331] design MAC_acc has unconnected port MAC_out[4]
WARNING: [Synth 8-3331] design MAC_acc has unconnected port MAC_out[3]
WARNING: [Synth 8-3331] design MAC_acc has unconnected port MAC_out[2]
WARNING: [Synth 8-3331] design MAC_acc has unconnected port MAC_out[1]
WARNING: [Synth 8-3331] design MAC_acc has unconnected port MAC_out[0]
---------------------------------------------------------------------------------
Finished Synthesize : Time (s): cpu = 00:00:05 ; elapsed = 00:00:07 . Memory (MB): peak = 342.602 ; gain = 132.457
---------------------------------------------------------------------------------
---------------------------------------------------------------------------------
Finished Constraint Validation : Time (s): cpu = 00:00:05 ; elapsed = 00:00:08 . Memory (MB): peak = 342.602 ; gain = 132.457
---------------------------------------------------------------------------------
---------------------------------------------------------------------------------
Start Loading Part and Timing Information
---------------------------------------------------------------------------------
Loading part: xc7k70tfbv676-1
---------------------------------------------------------------------------------
Finished Loading Part and Timing Information : Time (s): cpu = 00:00:05 ; elapsed = 00:00:08 . Memory (MB): peak = 342.602 ; gain = 132.457
---------------------------------------------------------------------------------
INFO: [Device 21-403] Loading part xc7k70tfbv676-1
---------------------------------------------------------------------------------
Finished RTL Optimization Phase 2 : Time (s): cpu = 00:00:05 ; elapsed = 00:00:08 . Memory (MB): peak = 346.094 ; gain = 135.949
---------------------------------------------------------------------------------

Report RTL Partitions: 
+-+--------------+------------+----------+
| |RTL Partition |Replication |Instances |
+-+--------------+------------+----------+
+-+--------------+------------+----------+
No constraint files found.
---------------------------------------------------------------------------------
Start RTL Component Statistics 
---------------------------------------------------------------------------------
Detailed RTL Component Info : 
+---XORs : 
	   2 Input      1 Bit         XORs := 436   
---------------------------------------------------------------------------------
Finished RTL Component Statistics 
---------------------------------------------------------------------------------
---------------------------------------------------------------------------------
Start RTL Hierarchical Component Statistics 
---------------------------------------------------------------------------------
Hierarchical RTL Component report 
Module accMult_2x2 
Detailed RTL Component Info : 
+---XORs : 
	   2 Input      1 Bit         XORs := 2     
Module FA 
Detailed RTL Component Info : 
+---XORs : 
	   2 Input      1 Bit         XORs := 2     
---------------------------------------------------------------------------------
Finished RTL Hierarchical Component Statistics
---------------------------------------------------------------------------------
---------------------------------------------------------------------------------
Start Part Resource Summary
---------------------------------------------------------------------------------
Part Resources:
DSPs: 240 (col length:80)
BRAMs: 270 (col length: RAMB18 80 RAMB36 40)
---------------------------------------------------------------------------------
Finished Part Resource Summary
---------------------------------------------------------------------------------
No constraint files found.
---------------------------------------------------------------------------------
Start Cross Boundary and Area Optimization
---------------------------------------------------------------------------------
WARNING: [Synth 8-3331] design MAC_acc has unconnected port MAC_out[17]
WARNING: [Synth 8-3331] design MAC_acc has unconnected port MAC_out[16]
WARNING: [Synth 8-3331] design MAC_acc has unconnected port MAC_out[15]
WARNING: [Synth 8-3331] design MAC_acc has unconnected port MAC_out[14]
WARNING: [Synth 8-3331] design MAC_acc has unconnected port MAC_out[13]
WARNING: [Synth 8-3331] design MAC_acc has unconnected port MAC_out[12]
WARNING: [Synth 8-3331] design MAC_acc has unconnected port MAC_out[11]
WARNING: [Synth 8-3331] design MAC_acc has unconnected port MAC_out[10]
WARNING: [Synth 8-3331] design MAC_acc has unconnected port MAC_out[9]
WARNING: [Synth 8-3331] design MAC_acc has unconnected port MAC_out[8]
WARNING: [Synth 8-3331] design MAC_acc has unconnected port MAC_out[7]
WARNING: [Synth 8-3331] design MAC_acc has unconnected port MAC_out[6]
WARNING: [Synth 8-3331] design MAC_acc has unconnected port MAC_out[5]
WARNING: [Synth 8-3331] design MAC_acc has unconnected port MAC_out[4]
WARNING: [Synth 8-3331] design MAC_acc has unconnected port MAC_out[3]
WARNING: [Synth 8-3331] design MAC_acc has unconnected port MAC_out[2]
WARNING: [Synth 8-3331] design MAC_acc has unconnected port MAC_out[1]
WARNING: [Synth 8-3331] design MAC_acc has unconnected port MAC_out[0]
---------------------------------------------------------------------------------
Finished Cross Boundary and Area Optimization : Time (s): cpu = 00:00:08 ; elapsed = 00:00:11 . Memory (MB): peak = 433.727 ; gain = 223.582
---------------------------------------------------------------------------------

Report RTL Partitions: 
+-+--------------+------------+----------+
| |RTL Partition |Replication |Instances |
+-+--------------+------------+----------+
+-+--------------+------------+----------+
---------------------------------------------------------------------------------
Start Timing Optimization
---------------------------------------------------------------------------------
No constraint files found.
---------------------------------------------------------------------------------
Finished Timing Optimization : Time (s): cpu = 00:00:08 ; elapsed = 00:00:11 . Memory (MB): peak = 433.727 ; gain = 223.582
---------------------------------------------------------------------------------

Report RTL Partitions: 
+-+--------------+------------+----------+
| |RTL Partition |Replication |Instances |
+-+--------------+------------+----------+
+-+--------------+------------+----------+
---------------------------------------------------------------------------------
Start Technology Mapping
---------------------------------------------------------------------------------
---------------------------------------------------------------------------------
Finished Technology Mapping : Time (s): cpu = 00:00:08 ; elapsed = 00:00:11 . Memory (MB): peak = 439.770 ; gain = 229.625
---------------------------------------------------------------------------------

Report RTL Partitions: 
+-+--------------+------------+----------+
| |RTL Partition |Replication |Instances |
+-+--------------+------------+----------+
+-+--------------+------------+----------+
---------------------------------------------------------------------------------
Start IO Insertion
---------------------------------------------------------------------------------
---------------------------------------------------------------------------------
Start Flattening Before IO Insertion
---------------------------------------------------------------------------------
---------------------------------------------------------------------------------
Finished Flattening Before IO Insertion
---------------------------------------------------------------------------------
---------------------------------------------------------------------------------
Start Final Netlist Cleanup
---------------------------------------------------------------------------------
---------------------------------------------------------------------------------
Finished Final Netlist Cleanup
---------------------------------------------------------------------------------
---------------------------------------------------------------------------------
Finished IO Insertion : Time (s): cpu = 00:00:09 ; elapsed = 00:00:12 . Memory (MB): peak = 439.770 ; gain = 229.625
---------------------------------------------------------------------------------

Report Check Netlist: 
+------+------------------+-------+---------+-------+------------------+
|      |Item              |Errors |Warnings |Status |Description       |
+------+------------------+-------+---------+-------+------------------+
|1     |multi_driven_nets |      0|        0|Passed |Multi driven nets |
+------+------------------+-------+---------+-------+------------------+
---------------------------------------------------------------------------------
Start Renaming Generated Instances
---------------------------------------------------------------------------------
---------------------------------------------------------------------------------
Finished Renaming Generated Instances : Time (s): cpu = 00:00:09 ; elapsed = 00:00:12 . Memory (MB): peak = 439.770 ; gain = 229.625
---------------------------------------------------------------------------------

Report RTL Partitions: 
+-+--------------+------------+----------+
| |RTL Partition |Replication |Instances |
+-+--------------+------------+----------+
+-+--------------+------------+----------+
---------------------------------------------------------------------------------
Start Rebuilding User Hierarchy
---------------------------------------------------------------------------------
---------------------------------------------------------------------------------
Finished Rebuilding User Hierarchy : Time (s): cpu = 00:00:09 ; elapsed = 00:00:12 . Memory (MB): peak = 439.770 ; gain = 229.625
---------------------------------------------------------------------------------
---------------------------------------------------------------------------------
Start Renaming Generated Ports
---------------------------------------------------------------------------------
---------------------------------------------------------------------------------
Finished Renaming Generated Ports : Time (s): cpu = 00:00:09 ; elapsed = 00:00:12 . Memory (MB): peak = 439.770 ; gain = 229.625
---------------------------------------------------------------------------------
---------------------------------------------------------------------------------
Start Handling Custom Attributes
---------------------------------------------------------------------------------
---------------------------------------------------------------------------------
Finished Handling Custom Attributes : Time (s): cpu = 00:00:09 ; elapsed = 00:00:12 . Memory (MB): peak = 439.770 ; gain = 229.625
---------------------------------------------------------------------------------
---------------------------------------------------------------------------------
Start Renaming Generated Nets
---------------------------------------------------------------------------------
---------------------------------------------------------------------------------
Finished Renaming Generated Nets : Time (s): cpu = 00:00:09 ; elapsed = 00:00:12 . Memory (MB): peak = 439.770 ; gain = 229.625
---------------------------------------------------------------------------------
---------------------------------------------------------------------------------
Start Writing Synthesis Report
---------------------------------------------------------------------------------

Report BlackBoxes: 
+-+--------------+----------+
| |BlackBox name |Instances |
+-+--------------+----------+
+-+--------------+----------+

Report Cell Usage: 
+------+------+------+
|      |Cell  |Count |
+------+------+------+
|1     |OBUFT |    18|
+------+------+------+

Report Instance Areas: 
+------+---------+-------+------+
|      |Instance |Module |Cells |
+------+---------+-------+------+
|1     |top      |       |    18|
+------+---------+-------+------+
---------------------------------------------------------------------------------
Finished Writing Synthesis Report : Time (s): cpu = 00:00:09 ; elapsed = 00:00:12 . Memory (MB): peak = 439.770 ; gain = 229.625
---------------------------------------------------------------------------------
Synthesis finished with 0 errors, 0 critical warnings and 37 warnings.
Synthesis Optimization Runtime : Time (s): cpu = 00:00:08 ; elapsed = 00:00:08 . Memory (MB): peak = 439.770 ; gain = 209.344
Synthesis Optimization Complete : Time (s): cpu = 00:00:09 ; elapsed = 00:00:12 . Memory (MB): peak = 439.770 ; gain = 229.625
INFO: [Project 1-571] Translating synthesized netlist
INFO: [Project 1-570] Preparing netlist for logic optimization
INFO: [Opt 31-138] Pushed 0 inverter(s) to 0 load pin(s).
INFO: [Project 1-111] Unisim Transformation Summary:
No Unisim elements were transformed.

INFO: [Common 17-83] Releasing license: Synthesis
79 Infos, 37 Warnings, 0 Critical Warnings and 0 Errors encountered.
synth_design completed successfully
synth_design: Time (s): cpu = 00:00:09 ; elapsed = 00:00:11 . Memory (MB): peak = 531.234 ; gain = 309.191
INFO: [Common 17-1381] The checkpoint 'D:/PLC_Project/PLC_Project.runs/synth_1/MAC_acc.dcp' has been generated.
report_utilization: Time (s): cpu = 00:00:00 ; elapsed = 00:00:00.022 . Memory (MB): peak = 531.234 ; gain = 0.000
INFO: [Common 17-206] Exiting Vivado at Wed Dec 28 18:11:26 2022...
