Vivado Simulator 2016.4
Copyright 1986-1999, 2001-2016 Xilinx, Inc. All Rights Reserved.
Running: C:/Xilinx/Vivado/2016.4/bin/unwrapped/win64.o/xelab.exe -wto 1ba1becea8d54226a7bdd09e5cea07b9 --debug typical --relax --mt 2 -L xil_defaultlib -L secureip --snapshot MAC_Approx_tb_behav xil_defaultlib.MAC_Approx_tb -log elaborate.log 
Using 2 slave threads.
Starting static elaboration
Completed static elaboration
Starting simulation data flow analysis
Completed simulation data flow analysis
Time Resolution for simulation is 1ps
Compiling package std.standard
Compiling package std.textio
Compiling package ieee.std_logic_1164
Compiling architecture behavioral of entity xil_defaultlib.approxMult_2x2 [approxmult_2x2_default]
Compiling architecture behavioral of entity xil_defaultlib.FA [fa_default]
Compiling architecture behavioral of entity xil_defaultlib.Adder_3bit [adder_3bit_default]
Compiling architecture behavioral of entity xil_defaultlib.Adder_4bit [adder_4bit_default]
Compiling architecture behavioral of entity xil_defaultlib.approxMult_4x4 [approxmult_4x4_default]
Compiling architecture behavioral of entity xil_defaultlib.Adder_8bit [adder_8bit_default]
Compiling architecture behavioral of entity xil_defaultlib.approxMult_8x8 [approxmult_8x8_default]
Compiling architecture behavioral of entity xil_defaultlib.Adder_16bit [adder_16bit_default]
Compiling architecture behavioral of entity xil_defaultlib.MAC_Aprrox [mac_aprrox_default]
Compiling architecture behavioral of entity xil_defaultlib.mac_approx_tb
Built simulation snapshot MAC_Approx_tb_behav
