Copyright 1986-2016 Xilinx, Inc. All Rights Reserved.
-------------------------------------------------------------------------------------------------------------------------
| Tool Version : Vivado v.2016.4 (win64) Build 1733598 Wed Dec 14 22:35:39 MST 2016
| Date         : Fri Dec 30 13:00:22 2022
| Host         : DESKTOP-S2U2OVG running 64-bit major release  (build 9200)
| Command      : report_methodology -file MAC_acc16_methodology_drc_routed.rpt -rpx MAC_acc16_methodology_drc_routed.rpx
| Design       : MAC_acc16
| Device       : xc7k70tfbv676-1
| Speed File   : -1
| Design State : Routed
-------------------------------------------------------------------------------------------------------------------------

Report Methodology

Table of Contents
-----------------
1. REPORT SUMMARY
2. REPORT DETAILS

1. REPORT SUMMARY
-----------------
            Netlist: netlist
          Floorplan: design_1
      Design limits: <entire design considered>
             Max violations: <unlimited>
             Violations found: 0
+------+----------+-------------+------------+
| Rule | Severity | Description | Violations |
+------+----------+-------------+------------+
+------+----------+-------------+------------+

2. REPORT DETAILS
-----------------

