
*** Running vivado
    with args -log MAC_acc16.vdi -applog -m64 -product Vivado -messageDb vivado.pb -mode batch -source MAC_acc16.tcl -notrace


****** Vivado v2016.4 (64-bit)
  **** SW Build 1733598 on Wed Dec 14 22:35:39 MST 2016
  **** IP Build 1731160 on Wed Dec 14 23:47:21 MST 2016
    ** Copyright 1986-2016 Xilinx, Inc. All Rights Reserved.

source MAC_acc16.tcl -notrace
Design is defaulting to srcset: sources_1
Design is defaulting to constrset: constrs_1
INFO: [Netlist 29-17] Analyzing 176 Unisim elements for replacement
INFO: [Netlist 29-28] Unisim Transformation completed in 0 CPU seconds
WARNING: [Netlist 29-101] Netlist 'MAC_acc16' is not ideal for floorplanning, since the cellview 'MAC_acc16' contains a large number of primitives.  Please consider enabling hierarchy in synthesis if you want to do floorplanning.
INFO: [Project 1-479] Netlist was created with Vivado 2016.4
INFO: [Device 21-403] Loading part xc7k70tfbv676-1
INFO: [Project 1-570] Preparing netlist for logic optimization
INFO: [Opt 31-138] Pushed 0 inverter(s) to 0 load pin(s).
INFO: [Project 1-111] Unisim Transformation Summary:
No Unisim elements were transformed.

link_design: Time (s): cpu = 00:00:08 ; elapsed = 00:00:09 . Memory (MB): peak = 572.844 ; gain = 343.480
INFO: [Vivado_Tcl 4-424] Cannot write hardware definition file as there are no IPI block design hardware handoff files present
Command: opt_design
Attempting to get a license for feature 'Implementation' and/or device 'xc7k70t'
INFO: [Common 17-349] Got license for feature 'Implementation' and/or device 'xc7k70t'
Running DRC as a precondition to command opt_design

Starting DRC Task
INFO: [DRC 23-27] Running DRC with 2 threads
INFO: [Project 1-461] DRC finished with 0 Errors
INFO: [Project 1-462] Please refer to the DRC report (report_drc) for more information.

Time (s): cpu = 00:00:01 ; elapsed = 00:00:00.726 . Memory (MB): peak = 584.914 ; gain = 11.934
INFO: [Timing 38-35] Done setting XDC timing constraints.

Starting Logic Optimization Task
Implement Debug Cores | Checksum: e98d1cd2

Phase 1 Retarget
INFO: [Opt 31-138] Pushed 0 inverter(s) to 0 load pin(s).
INFO: [Opt 31-49] Retargeted 0 cell(s).
Phase 1 Retarget | Checksum: e98d1cd2

Time (s): cpu = 00:00:00 ; elapsed = 00:00:00.099 . Memory (MB): peak = 1028.734 ; gain = 0.000

Phase 2 Constant propagation
INFO: [Opt 31-138] Pushed 0 inverter(s) to 0 load pin(s).
INFO: [Opt 31-10] Eliminated 0 cells.
Phase 2 Constant propagation | Checksum: e98d1cd2

Time (s): cpu = 00:00:00 ; elapsed = 00:00:00.209 . Memory (MB): peak = 1028.734 ; gain = 0.000

Phase 3 Sweep
INFO: [Opt 31-12] Eliminated 0 unconnected nets.
INFO: [Opt 31-11] Eliminated 0 unconnected cells.
Phase 3 Sweep | Checksum: e98d1cd2

Time (s): cpu = 00:00:00 ; elapsed = 00:00:00.265 . Memory (MB): peak = 1028.734 ; gain = 0.000

Phase 4 BUFG optimization
INFO: [Opt 31-12] Eliminated 0 unconnected nets.
INFO: [Opt 31-11] Eliminated 0 unconnected cells.
Phase 4 BUFG optimization | Checksum: e98d1cd2

Time (s): cpu = 00:00:01 ; elapsed = 00:00:00.579 . Memory (MB): peak = 1028.734 ; gain = 0.000

Starting Connectivity Check Task

Time (s): cpu = 00:00:00 ; elapsed = 00:00:00.010 . Memory (MB): peak = 1028.734 ; gain = 0.000
Ending Logic Optimization Task | Checksum: e98d1cd2

Time (s): cpu = 00:00:01 ; elapsed = 00:00:00.606 . Memory (MB): peak = 1028.734 ; gain = 0.000

Starting Power Optimization Task
INFO: [Pwropt 34-132] Skipping clock gating for clocks with a period < 2.00 ns.
Ending Power Optimization Task | Checksum: e98d1cd2

Time (s): cpu = 00:00:00 ; elapsed = 00:00:00.018 . Memory (MB): peak = 1028.734 ; gain = 0.000
INFO: [Common 17-83] Releasing license: Implementation
23 Infos, 1 Warnings, 0 Critical Warnings and 0 Errors encountered.
opt_design completed successfully
opt_design: Time (s): cpu = 00:00:16 ; elapsed = 00:00:16 . Memory (MB): peak = 1028.734 ; gain = 455.754
INFO: [Common 17-1381] The checkpoint 'C:/Users/Wegdan/Documents/GitHub/PLC_Project/PLC_Project.runs/impl_1/MAC_acc16_opt.dcp' has been generated.
INFO: [DRC 23-27] Running DRC with 2 threads
INFO: [Coretcl 2-168] The results of DRC are in file C:/Users/Wegdan/Documents/GitHub/PLC_Project/PLC_Project.runs/impl_1/MAC_acc16_drc_opted.rpt.
INFO: [Chipscope 16-241] No debug cores found in the current design.
Before running the implement_debug_core command, either use the Set Up Debug wizard (GUI mode)
or use the create_debug_core and connect_debug_core Tcl commands to insert debug cores into the design.
Command: place_design
Attempting to get a license for feature 'Implementation' and/or device 'xc7k70t'
INFO: [Common 17-349] Got license for feature 'Implementation' and/or device 'xc7k70t'
INFO: [DRC 23-27] Running DRC with 2 threads
INFO: [Vivado_Tcl 4-198] DRC finished with 0 Errors
INFO: [Vivado_Tcl 4-199] Please refer to the DRC report (report_drc) for more information.
Running DRC as a precondition to command place_design
INFO: [DRC 23-27] Running DRC with 2 threads
INFO: [Vivado_Tcl 4-198] DRC finished with 0 Errors
INFO: [Vivado_Tcl 4-199] Please refer to the DRC report (report_drc) for more information.

Starting Placer Task
INFO: [Place 30-611] Multithreading enabled for place_design using a maximum of 2 CPUs

Phase 1 Placer Initialization
Netlist sorting complete. Time (s): cpu = 00:00:00 ; elapsed = 00:00:00.003 . Memory (MB): peak = 1028.734 ; gain = 0.000
Netlist sorting complete. Time (s): cpu = 00:00:00 ; elapsed = 00:00:00.003 . Memory (MB): peak = 1028.734 ; gain = 0.000

Phase 1.1 IO Placement/ Clock Placement/ Build Placer Device
INFO: [Timing 38-35] Done setting XDC timing constraints.
Phase 1.1 IO Placement/ Clock Placement/ Build Placer Device | Checksum: 170d04a5

Time (s): cpu = 00:00:07 ; elapsed = 00:00:05 . Memory (MB): peak = 1050.906 ; gain = 22.172

Phase 1.2 Build Placer Netlist Model
Phase 1.2 Build Placer Netlist Model | Checksum: cbc9aaa7

Time (s): cpu = 00:00:07 ; elapsed = 00:00:06 . Memory (MB): peak = 1050.906 ; gain = 22.172

Phase 1.3 Constrain Clocks/Macros
Phase 1.3 Constrain Clocks/Macros | Checksum: cbc9aaa7

Time (s): cpu = 00:00:07 ; elapsed = 00:00:06 . Memory (MB): peak = 1050.906 ; gain = 22.172
Phase 1 Placer Initialization | Checksum: cbc9aaa7

Time (s): cpu = 00:00:07 ; elapsed = 00:00:06 . Memory (MB): peak = 1050.906 ; gain = 22.172

Phase 2 Global Placement
Phase 2 Global Placement | Checksum: cef5bda1

Time (s): cpu = 00:00:09 ; elapsed = 00:00:07 . Memory (MB): peak = 1050.906 ; gain = 22.172

Phase 3 Detail Placement

Phase 3.1 Commit Multi Column Macros
Phase 3.1 Commit Multi Column Macros | Checksum: cef5bda1

Time (s): cpu = 00:00:09 ; elapsed = 00:00:07 . Memory (MB): peak = 1050.906 ; gain = 22.172

Phase 3.2 Commit Most Macros & LUTRAMs
Phase 3.2 Commit Most Macros & LUTRAMs | Checksum: 8e7074ea

Time (s): cpu = 00:00:09 ; elapsed = 00:00:07 . Memory (MB): peak = 1050.906 ; gain = 22.172

Phase 3.3 Area Swap Optimization
Phase 3.3 Area Swap Optimization | Checksum: 113f22379

Time (s): cpu = 00:00:09 ; elapsed = 00:00:07 . Memory (MB): peak = 1050.906 ; gain = 22.172

Phase 3.4 Pipeline Register Optimization
Phase 3.4 Pipeline Register Optimization | Checksum: 113f22379

Time (s): cpu = 00:00:09 ; elapsed = 00:00:07 . Memory (MB): peak = 1050.906 ; gain = 22.172

Phase 3.5 Small Shape Detail Placement
Phase 3.5 Small Shape Detail Placement | Checksum: 114060633

Time (s): cpu = 00:00:11 ; elapsed = 00:00:09 . Memory (MB): peak = 1050.906 ; gain = 22.172

Phase 3.6 Re-assign LUT pins
Phase 3.6 Re-assign LUT pins | Checksum: 114060633

Time (s): cpu = 00:00:12 ; elapsed = 00:00:09 . Memory (MB): peak = 1050.906 ; gain = 22.172

Phase 3.7 Pipeline Register Optimization
Phase 3.7 Pipeline Register Optimization | Checksum: 114060633

Time (s): cpu = 00:00:12 ; elapsed = 00:00:09 . Memory (MB): peak = 1050.906 ; gain = 22.172
Phase 3 Detail Placement | Checksum: 114060633

Time (s): cpu = 00:00:12 ; elapsed = 00:00:09 . Memory (MB): peak = 1050.906 ; gain = 22.172

Phase 4 Post Placement Optimization and Clean-Up

Phase 4.1 Post Commit Optimization
Phase 4.1 Post Commit Optimization | Checksum: 114060633

Time (s): cpu = 00:00:12 ; elapsed = 00:00:09 . Memory (MB): peak = 1050.906 ; gain = 22.172

Phase 4.2 Post Placement Cleanup
Phase 4.2 Post Placement Cleanup | Checksum: 114060633

Time (s): cpu = 00:00:12 ; elapsed = 00:00:09 . Memory (MB): peak = 1050.906 ; gain = 22.172

Phase 4.3 Placer Reporting
Phase 4.3 Placer Reporting | Checksum: 114060633

Time (s): cpu = 00:00:12 ; elapsed = 00:00:09 . Memory (MB): peak = 1050.906 ; gain = 22.172

Phase 4.4 Final Placement Cleanup
Phase 4.4 Final Placement Cleanup | Checksum: 114060633

Time (s): cpu = 00:00:12 ; elapsed = 00:00:09 . Memory (MB): peak = 1050.906 ; gain = 22.172
Phase 4 Post Placement Optimization and Clean-Up | Checksum: 114060633

Time (s): cpu = 00:00:12 ; elapsed = 00:00:09 . Memory (MB): peak = 1050.906 ; gain = 22.172
Ending Placer Task | Checksum: 850731ad

Time (s): cpu = 00:00:12 ; elapsed = 00:00:09 . Memory (MB): peak = 1050.906 ; gain = 22.172
INFO: [Common 17-83] Releasing license: Implementation
37 Infos, 1 Warnings, 0 Critical Warnings and 0 Errors encountered.
place_design completed successfully
place_design: Time (s): cpu = 00:00:16 ; elapsed = 00:00:12 . Memory (MB): peak = 1050.906 ; gain = 22.172
Writing placer database...
Writing XDEF routing.
Writing XDEF routing logical nets.
Writing XDEF routing special nets.
Write XDEF Complete: Time (s): cpu = 00:00:01 ; elapsed = 00:00:00.604 . Memory (MB): peak = 1050.906 ; gain = 0.000
INFO: [Common 17-1381] The checkpoint 'C:/Users/Wegdan/Documents/GitHub/PLC_Project/PLC_Project.runs/impl_1/MAC_acc16_placed.dcp' has been generated.
report_io: Time (s): cpu = 00:00:00 ; elapsed = 00:00:00.184 . Memory (MB): peak = 1050.906 ; gain = 0.000
report_utilization: Time (s): cpu = 00:00:00 ; elapsed = 00:00:00.039 . Memory (MB): peak = 1050.906 ; gain = 0.000
report_control_sets: Time (s): cpu = 00:00:00 ; elapsed = 00:00:00.002 . Memory (MB): peak = 1050.906 ; gain = 0.000
Command: route_design
Attempting to get a license for feature 'Implementation' and/or device 'xc7k70t'
INFO: [Common 17-349] Got license for feature 'Implementation' and/or device 'xc7k70t'
Running DRC as a precondition to command route_design
INFO: [DRC 23-27] Running DRC with 2 threads
INFO: [Vivado_Tcl 4-198] DRC finished with 0 Errors
INFO: [Vivado_Tcl 4-199] Please refer to the DRC report (report_drc) for more information.


Starting Routing Task
INFO: [Route 35-254] Multithreading enabled for route_design using a maximum of 2 CPUs
Checksum: PlaceDB: 77fb0c3a ConstDB: 0 ShapeSum: d0c2573 RouteDB: 0

Phase 1 Build RT Design
Phase 1 Build RT Design | Checksum: d68545e1

Time (s): cpu = 00:00:17 ; elapsed = 00:00:14 . Memory (MB): peak = 1164.316 ; gain = 113.410

Phase 2 Router Initialization
INFO: [Route 35-64] No timing constraints were detected. The router will operate in resource-optimization mode.

Phase 2.1 Fix Topology Constraints
Phase 2.1 Fix Topology Constraints | Checksum: d68545e1

Time (s): cpu = 00:00:17 ; elapsed = 00:00:14 . Memory (MB): peak = 1169.160 ; gain = 118.254

Phase 2.2 Pre Route Cleanup
Phase 2.2 Pre Route Cleanup | Checksum: d68545e1

Time (s): cpu = 00:00:17 ; elapsed = 00:00:14 . Memory (MB): peak = 1169.160 ; gain = 118.254
 Number of Nodes with overlaps = 0
Phase 2 Router Initialization | Checksum: 7a04e88c

Time (s): cpu = 00:00:17 ; elapsed = 00:00:14 . Memory (MB): peak = 1170.906 ; gain = 120.000

Phase 3 Initial Routing
Phase 3 Initial Routing | Checksum: 3d41cdf0

Time (s): cpu = 00:00:18 ; elapsed = 00:00:14 . Memory (MB): peak = 1170.906 ; gain = 120.000

Phase 4 Rip-up And Reroute

Phase 4.1 Global Iteration 0
 Number of Nodes with overlaps = 462
 Number of Nodes with overlaps = 0
Phase 4.1 Global Iteration 0 | Checksum: 5ea54ecf

Time (s): cpu = 00:00:19 ; elapsed = 00:00:15 . Memory (MB): peak = 1170.906 ; gain = 120.000
Phase 4 Rip-up And Reroute | Checksum: 5ea54ecf

Time (s): cpu = 00:00:19 ; elapsed = 00:00:15 . Memory (MB): peak = 1170.906 ; gain = 120.000

Phase 5 Delay and Skew Optimization
Phase 5 Delay and Skew Optimization | Checksum: 5ea54ecf

Time (s): cpu = 00:00:19 ; elapsed = 00:00:15 . Memory (MB): peak = 1170.906 ; gain = 120.000

Phase 6 Post Hold Fix

Phase 6.1 Hold Fix Iter
Phase 6.1 Hold Fix Iter | Checksum: 5ea54ecf

Time (s): cpu = 00:00:19 ; elapsed = 00:00:15 . Memory (MB): peak = 1170.906 ; gain = 120.000
Phase 6 Post Hold Fix | Checksum: 5ea54ecf

Time (s): cpu = 00:00:19 ; elapsed = 00:00:15 . Memory (MB): peak = 1170.906 ; gain = 120.000

Phase 7 Route finalize

Router Utilization Summary
  Global Vertical Routing Utilization    = 0.992781 %
  Global Horizontal Routing Utilization  = 0.654558 %
  Routable Net Status*
  *Does not include unroutable nets such as driverless and loadless.
  Run report_route_status for detailed report.
  Number of Failed Nets               = 0
  Number of Unrouted Nets             = 0
  Number of Partially Routed Nets     = 0
  Number of Node Overlaps             = 0

Congestion Report
North Dir 1x1 Area, Max Cong = 36.9369%, No Congested Regions.
South Dir 1x1 Area, Max Cong = 33.3333%, No Congested Regions.
East Dir 1x1 Area, Max Cong = 35.2941%, No Congested Regions.
West Dir 1x1 Area, Max Cong = 26.4706%, No Congested Regions.
Phase 7 Route finalize | Checksum: 5ea54ecf

Time (s): cpu = 00:00:19 ; elapsed = 00:00:15 . Memory (MB): peak = 1170.906 ; gain = 120.000

Phase 8 Verifying routed nets

 Verification completed successfully
Phase 8 Verifying routed nets | Checksum: 5ea54ecf

Time (s): cpu = 00:00:19 ; elapsed = 00:00:15 . Memory (MB): peak = 1173.559 ; gain = 122.652

Phase 9 Depositing Routes
Phase 9 Depositing Routes | Checksum: a6143b3e

Time (s): cpu = 00:00:20 ; elapsed = 00:00:16 . Memory (MB): peak = 1173.559 ; gain = 122.652
INFO: [Route 35-16] Router Completed Successfully

Time (s): cpu = 00:00:20 ; elapsed = 00:00:16 . Memory (MB): peak = 1173.559 ; gain = 122.652

Routing Is Done.
INFO: [Common 17-83] Releasing license: Implementation
46 Infos, 1 Warnings, 0 Critical Warnings and 0 Errors encountered.
route_design completed successfully
route_design: Time (s): cpu = 00:00:24 ; elapsed = 00:00:18 . Memory (MB): peak = 1173.559 ; gain = 122.652
Writing placer database...
Writing XDEF routing.
Writing XDEF routing logical nets.
Writing XDEF routing special nets.
Write XDEF Complete: Time (s): cpu = 00:00:01 ; elapsed = 00:00:00.656 . Memory (MB): peak = 1173.559 ; gain = 0.000
INFO: [Common 17-1381] The checkpoint 'C:/Users/Wegdan/Documents/GitHub/PLC_Project/PLC_Project.runs/impl_1/MAC_acc16_routed.dcp' has been generated.
INFO: [DRC 23-27] Running DRC with 2 threads
INFO: [Coretcl 2-168] The results of DRC are in file C:/Users/Wegdan/Documents/GitHub/PLC_Project/PLC_Project.runs/impl_1/MAC_acc16_drc_routed.rpt.
INFO: [Timing 38-35] Done setting XDC timing constraints.
INFO: [DRC 23-133] Running Methodology with 2 threads
INFO: [Coretcl 2-1520] The results of Report Methodology are in file C:/Users/Wegdan/Documents/GitHub/PLC_Project/PLC_Project.runs/impl_1/MAC_acc16_methodology_drc_routed.rpt.
INFO: [Timing 38-35] Done setting XDC timing constraints.
INFO: [Timing 38-91] UpdateTimingParams: Speed grade: -1, Delay Type: min_max.
INFO: [Timing 38-191] Multithreading enabled for timing update using a maximum of 2 CPUs
INFO: [Timing 38-35] Done setting XDC timing constraints.
WARNING: [Timing 38-313] There are no user specified timing constraints. Timing constraints are needed for proper timing analysis.
Command: report_power -file MAC_acc16_power_routed.rpt -pb MAC_acc16_power_summary_routed.pb -rpx MAC_acc16_power_routed.rpx
WARNING: [Power 33-232] No user defined clocks were found in the design!
Resolution: Please specify clocks using create_clock/create_generated_clock for sequential elements. For pure combinatorial circuits, please specify a virtual clock, otherwise the vectorless estimation might be inaccurate
Running Vector-less Activity Propagation...

Finished Running Vector-less Activity Propagation
56 Infos, 3 Warnings, 0 Critical Warnings and 0 Errors encountered.
report_power completed successfully
INFO: [Common 17-206] Exiting Vivado at Fri Dec 30 13:00:27 2022...
