Vivado Simulator 2016.4
Copyright 1986-1999, 2001-2016 Xilinx, Inc. All Rights Reserved.
Running: C:/Xilinx/Vivado/2016.4/bin/unwrapped/win64.o/xelab.exe -wto 1ba1becea8d54226a7bdd09e5cea07b9 --debug typical --relax --mt 2 -L xil_defaultlib -L secureip --snapshot tb_neuralNetw_behav xil_defaultlib.tb_neuralNetw -log elaborate.log 
Using 2 slave threads.
Starting static elaboration
Completed static elaboration
Starting simulation data flow analysis
Completed simulation data flow analysis
Time Resolution for simulation is 1ps
Compiling package std.standard
Compiling package std.textio
Compiling package ieee.std_logic_1164
Compiling architecture behavioral of entity xil_defaultlib.Accurate [accurate_default]
Compiling architecture behavioral of entity xil_defaultlib.FA [fa_default]
Compiling architecture behavioral of entity xil_defaultlib.Adder_16bit [adder_16bit_default]
Compiling architecture behavioral of entity xil_defaultlib.multiplieraccurate88 [multiplieraccurate88_default]
Compiling architecture behavioral of entity xil_defaultlib.MAC_acc [mac_acc_default]
Compiling architecture behavioral of entity xil_defaultlib.Act_16bits [act_16bits_default]
Compiling architecture behavioral of entity xil_defaultlib.HiddenNeuron_acc [hiddenneuron_acc_default]
Compiling architecture behavioral of entity xil_defaultlib.accMult_16x16 [accmult_16x16_default]
Compiling architecture behavioral of entity xil_defaultlib.Adder_32Bits [adder_32bits_default]
Compiling architecture behavioral of entity xil_defaultlib.Adder_33Bits [adder_33bits_default]
Compiling architecture behavioral of entity xil_defaultlib.Adder_34Bits [adder_34bits_default]
Compiling architecture behavioral of entity xil_defaultlib.MAC_acc16 [mac_acc16_default]
Compiling architecture behavioral of entity xil_defaultlib.Act_32bits [act_32bits_default]
Compiling architecture behavioral of entity xil_defaultlib.NeuralNetw_acc [neuralnetw_acc_default]
Compiling architecture behavioral of entity xil_defaultlib.UDM [udm_default]
Compiling architecture behavioral of entity xil_defaultlib.multiplierapprox88 [multiplierapprox88_default]
Compiling architecture behavioral of entity xil_defaultlib.MAC_Aprrox [mac_aprrox_default]
Compiling architecture behavioral of entity xil_defaultlib.HiddenNeuron_approx [hiddenneuron_approx_default]
Compiling architecture behavioral of entity xil_defaultlib.approxMult_16x16 [approxmult_16x16_default]
Compiling architecture behavioral of entity xil_defaultlib.MAC_approx16 [mac_approx16_default]
Compiling architecture behavioral of entity xil_defaultlib.NeuralNetw_approx [neuralnetw_approx_default]
Compiling architecture behavioral of entity xil_defaultlib.tb_neuralnetw
Built simulation snapshot tb_neuralNetw_behav
