INFO: [VRFC 10-163] Analyzing VHDL file "C:/Users/Wegdan/Documents/GitHub/PLC_Project/plc_project2/PLC_Project.srcs/sources_1/new/FA.vhd" into library xil_defaultlib
INFO: [VRFC 10-307] analyzing entity FA
INFO: [VRFC 10-163] Analyzing VHDL file "C:/Users/Wegdan/Documents/GitHub/PLC_Project/plc_project2/PLC_Project.srcs/sources_1/new/UDM.vhd" into library xil_defaultlib
INFO: [VRFC 10-307] analyzing entity UDM
INFO: [VRFC 10-163] Analyzing VHDL file "C:/Users/Wegdan/Documents/GitHub/PLC_Project/plc_project2/PLC_Project.srcs/sources_1/new/Adder_16bit.vhd" into library xil_defaultlib
INFO: [VRFC 10-307] analyzing entity Adder_16bit
INFO: [VRFC 10-163] Analyzing VHDL file "C:/Users/Wegdan/Documents/GitHub/PLC_Project/plc_project2/PLC_Project.srcs/sources_1/new/Accurate.vhd" into library xil_defaultlib
INFO: [VRFC 10-307] analyzing entity Accurate
INFO: [VRFC 10-163] Analyzing VHDL file "C:/Users/Wegdan/Documents/GitHub/PLC_Project/plc_project2/PLC_Project.srcs/sources_1/new/multiplierapprox88.vhd" into library xil_defaultlib
INFO: [VRFC 10-307] analyzing entity multiplierapprox88
INFO: [VRFC 10-163] Analyzing VHDL file "C:/Users/Wegdan/Documents/GitHub/PLC_Project/plc_project2/PLC_Project.srcs/sources_1/new/multiplieraccurate88.vhd" into library xil_defaultlib
INFO: [VRFC 10-307] analyzing entity multiplieraccurate88
INFO: [VRFC 10-163] Analyzing VHDL file "C:/Users/Wegdan/Documents/GitHub/PLC_Project/plc_project2/PLC_Project.srcs/sources_1/new/MAC_Aprrox.vhd" into library xil_defaultlib
INFO: [VRFC 10-307] analyzing entity MAC_Aprrox
INFO: [VRFC 10-163] Analyzing VHDL file "C:/Users/Wegdan/Documents/GitHub/PLC_Project/plc_project2/PLC_Project.srcs/sources_1/new/MAC_acc.vhd" into library xil_defaultlib
INFO: [VRFC 10-307] analyzing entity MAC_acc
INFO: [VRFC 10-163] Analyzing VHDL file "C:/Users/Wegdan/Documents/GitHub/PLC_Project/plc_project2/PLC_Project.srcs/sources_1/new/approxMult_16x16.vhd" into library xil_defaultlib
INFO: [VRFC 10-307] analyzing entity approxMult_16x16
INFO: [VRFC 10-163] Analyzing VHDL file "C:/Users/Wegdan/Documents/GitHub/PLC_Project/plc_project2/PLC_Project.srcs/sources_1/new/Act_16bits.vhd" into library xil_defaultlib
INFO: [VRFC 10-307] analyzing entity Act_16bits
INFO: [VRFC 10-163] Analyzing VHDL file "C:/Users/Wegdan/Documents/GitHub/PLC_Project/plc_project2/PLC_Project.srcs/sources_1/new/Adder_34bits.vhd" into library xil_defaultlib
INFO: [VRFC 10-307] analyzing entity Adder_34Bits
INFO: [VRFC 10-163] Analyzing VHDL file "C:/Users/Wegdan/Documents/GitHub/PLC_Project/plc_project2/PLC_Project.srcs/sources_1/new/Adder_33bits.vhd" into library xil_defaultlib
INFO: [VRFC 10-307] analyzing entity Adder_33Bits
INFO: [VRFC 10-163] Analyzing VHDL file "C:/Users/Wegdan/Documents/GitHub/PLC_Project/plc_project2/PLC_Project.srcs/sources_1/new/Adder_32Bits.vhd" into library xil_defaultlib
INFO: [VRFC 10-307] analyzing entity Adder_32Bits
INFO: [VRFC 10-163] Analyzing VHDL file "C:/Users/Wegdan/Documents/GitHub/PLC_Project/plc_project2/PLC_Project.srcs/sources_1/new/accMult_16x16.vhd" into library xil_defaultlib
INFO: [VRFC 10-307] analyzing entity accMult_16x16
INFO: [VRFC 10-163] Analyzing VHDL file "C:/Users/Wegdan/Documents/GitHub/PLC_Project/plc_project2/PLC_Project.srcs/sources_1/new/MAC_approx16.vhd" into library xil_defaultlib
INFO: [VRFC 10-307] analyzing entity MAC_approx16
INFO: [VRFC 10-163] Analyzing VHDL file "C:/Users/Wegdan/Documents/GitHub/PLC_Project/plc_project2/PLC_Project.srcs/sources_1/new/HiddenNeuron_approx.vhd" into library xil_defaultlib
INFO: [VRFC 10-307] analyzing entity HiddenNeuron_approx
INFO: [VRFC 10-163] Analyzing VHDL file "C:/Users/Wegdan/Documents/GitHub/PLC_Project/plc_project2/PLC_Project.srcs/sources_1/new/HiddenNeuron_acc.vhd" into library xil_defaultlib
INFO: [VRFC 10-307] analyzing entity HiddenNeuron_acc
INFO: [VRFC 10-163] Analyzing VHDL file "C:/Users/Wegdan/Documents/GitHub/PLC_Project/plc_project2/PLC_Project.srcs/sources_1/new/Act_32bits.vhd" into library xil_defaultlib
INFO: [VRFC 10-307] analyzing entity Act_32bits
INFO: [VRFC 10-163] Analyzing VHDL file "C:/Users/Wegdan/Documents/GitHub/PLC_Project/plc_project2/PLC_Project.srcs/sources_1/new/MAC_acc16.vhd" into library xil_defaultlib
INFO: [VRFC 10-307] analyzing entity MAC_acc16
INFO: [VRFC 10-163] Analyzing VHDL file "C:/Users/Wegdan/Documents/GitHub/PLC_Project/plc_project2/PLC_Project.srcs/sources_1/new/NeuralNetw_approx.vhd" into library xil_defaultlib
INFO: [VRFC 10-307] analyzing entity NeuralNetw_approx
INFO: [VRFC 10-163] Analyzing VHDL file "C:/Users/Wegdan/Documents/GitHub/PLC_Project/plc_project2/PLC_Project.srcs/sources_1/new/NeuralNetw_acc.vhd" into library xil_defaultlib
INFO: [VRFC 10-307] analyzing entity NeuralNetw_acc
INFO: [VRFC 10-163] Analyzing VHDL file "C:/Users/Wegdan/Documents/GitHub/PLC_Project/plc_project2/PLC_Project.srcs/sim_1/new/tb_neuralNetw.vhd" into library xil_defaultlib
INFO: [VRFC 10-307] analyzing entity tb_neuralNetw
