#-----------------------------------------------------------
# Vivado v2016.4 (64-bit)
# SW Build 1733598 on Wed Dec 14 22:35:39 MST 2016
# IP Build 1731160 on Wed Dec 14 23:47:21 MST 2016
# Start of session at: Tue Dec 27 14:30:14 2022
# Process ID: 10752
# Current directory: C:/Users/Wegdan/Documents/GitHub/PLC_Project
# Command line: vivado.exe -gui_launcher_event rodinguilauncherevent2772 C:\Users\Wegdan\Documents\GitHub\PLC_Project\PLC_Project.xpr
# Log file: C:/Users/Wegdan/Documents/GitHub/PLC_Project/vivado.log
# Journal file: C:/Users/Wegdan/Documents/GitHub/PLC_Project\vivado.jou
#-----------------------------------------------------------
start_gui
open_project C:/Users/Wegdan/Documents/GitHub/PLC_Project/PLC_Project.xpr
Scanning sources...
Finished scanning sources
INFO: [IP_Flow 19-234] Refreshing IP repositories
INFO: [IP_Flow 19-1704] No user IP repositories specified
INFO: [IP_Flow 19-2313] Loaded Vivado IP repository 'C:/Xilinx/Vivado/2016.4/data/ip'.
close [ open C:/Users/Wegdan/Documents/GitHub/PLC_Project/PLC_Project.srcs/sources_1/new/fulladder.vhd w ]
add_files C:/Users/Wegdan/Documents/GitHub/PLC_Project/PLC_Project.srcs/sources_1/new/fulladder.vhd
close [ open C:/Users/Wegdan/Documents/GitHub/PLC_Project/PLC_Project.srcs/sources_1/new/Accurate.vhd w ]
add_files C:/Users/Wegdan/Documents/GitHub/PLC_Project/PLC_Project.srcs/sources_1/new/Accurate.vhd
close [ open C:/Users/Wegdan/Documents/GitHub/PLC_Project/PLC_Project.srcs/sources_1/new/UDM.vhd w ]
add_files C:/Users/Wegdan/Documents/GitHub/PLC_Project/PLC_Project.srcs/sources_1/new/UDM.vhd
exit
INFO: [Common 17-206] Exiting Vivado at Tue Dec 27 14:34:46 2022...
