#-----------------------------------------------------------
# Vivado v2016.4 (64-bit)
# SW Build 1733598 on Wed Dec 14 22:35:39 MST 2016
# IP Build 1731160 on Wed Dec 14 23:47:21 MST 2016
# Start of session at: Tue Dec 27 13:47:14 2022
# Process ID: 5952
# Current directory: C:/Users/Wegdan/Documents/GitHub/PLC_Project/plc_wegdan
# Command line: vivado.exe -gui_launcher_event rodinguilauncherevent932 C:\Users\Wegdan\Documents\GitHub\PLC_Project\plc_wegdan\plc.xpr
# Log file: C:/Users/Wegdan/Documents/GitHub/PLC_Project/plc_wegdan/vivado.log
# Journal file: C:/Users/Wegdan/Documents/GitHub/PLC_Project/plc_wegdan\vivado.jou
#-----------------------------------------------------------
start_gui
open_project C:/Users/Wegdan/Documents/GitHub/PLC_Project/plc_wegdan/plc.xpr
INFO: [Project 1-313] Project file moved from 'C:/Users/Wegdan/Desktop/plc' since last save.
WARNING: [Project 1-312] File not found as 'C:/Users/Wegdan/Documents/GitHub/PLC_Project/project_1/project_1.srcs/sources_1/new/fulladder.vhd'; using path 'C:/Users/Wegdan/Desktop/project_1/project_1.srcs/sources_1/new/fulladder.vhd' instead.
WARNING: [Project 1-312] File not found as 'C:/Users/Wegdan/Documents/GitHub/PLC_Project/project_1/project_1.srcs/sources_1/new/Accurate.vhd'; using path 'C:/Users/Wegdan/Desktop/project_1/project_1.srcs/sources_1/new/Accurate.vhd' instead.
WARNING: [Project 1-312] File not found as 'C:/Users/Wegdan/Documents/GitHub/PLC_Project/project_1/project_1.srcs/sources_1/new/UDM.vhd'; using path 'C:/Users/Wegdan/Desktop/project_1/project_1.srcs/sources_1/new/UDM.vhd' instead.
WARNING: [Project 1-312] File not found as 'C:/Users/Wegdan/Documents/GitHub/PLC_Project/project_1/project_1.srcs/sim_1/new/Accurate_tb.vhd'; using path 'C:/Users/Wegdan/Desktop/project_1/project_1.srcs/sim_1/new/Accurate_tb.vhd' instead.
WARNING: [Project 1-312] File not found as 'C:/Users/Wegdan/Documents/GitHub/PLC_Project/project_1/project_1.srcs/sim_1/new/UDM_tb.vhd'; using path 'C:/Users/Wegdan/Desktop/project_1/project_1.srcs/sim_1/new/UDM_tb.vhd' instead.
Scanning sources...
Finished scanning sources
INFO: [IP_Flow 19-234] Refreshing IP repositories
INFO: [IP_Flow 19-1704] No user IP repositories specified
INFO: [IP_Flow 19-2313] Loaded Vivado IP repository 'C:/Xilinx/Vivado/2016.4/data/ip'.
exit
INFO: [Common 17-206] Exiting Vivado at Tue Dec 27 13:47:34 2022...
