Unable to capture context for thread 7228 in process 4828, can not generate back trace
Unable to capture context for thread 9792 in process 4828, can not generate back trace
Exception at PC 0x00007FFE7AAABB93
Printing stacktrace...

Exception at PC 0x00007FFEFD8F4F69
Exception at PC 0x00007FFEFD8F4F69
Exception at PC 0x00007FFEFD8F4F69
Exception at PC 0x00007FFEFD8F4F69
Exception at PC 0x00007FFEFD8F4F69
Exception at PC 0x00007FFEFD8F4F69
Exception at PC 0x00007FFEFD8F4F69
Exception at PC 0x00007FFEFD8F4F69
Exception at PC 0x00007FFEFD8F4F69
Exception at PC 0x00007FFEFD8F4F69
Exception at PC 0x00007FFEFD8F4F69
Exception at PC 0x00007FFEFD8F4F69
Exception at PC 0x00007FFEFD8F4F69
Exception at PC 0x00007FFEFD8F4F69
Exception at PC 0x00007FFEFD8F4F69
Exception at PC 0x00007FFEFD8F4F69
Exception at PC 0x00007FFEFD8F4F69
Exception at PC 0x00007FFEFD8F4F69
[0]  [0x00007FFE7AAABB93]
[1]  [0x00007FFE7AAABB93]
[2]  [0x00007FFE7AAAB4A1]
[3]  [0x00007FFE7AAAB3EF]
[4]  [0x00007FFE7AA919FE]
[5]  [0x00007FFE7AA90ED1]
[6]  [0x00007FFE7AA90D76]
[7]  [0x00007FFE7AA379F6]
[8]  [0x00007FFE7AA27AFB]
[9]  [0x00007FFE7AB4E90A]
[10]  [0x00007FFE7AB69F87]
[11]  [0x00007FFE7AB6A05F]
[12] (BaseThreadInitThunk+0x14) [0x00007FFEFED07034]
[13] (RtlUserThreadStart+0x21) [0x00007FFEFFDA2651]
Done
