Exception at PC 0x00007FFD0EB94F69
Unable to capture context for thread 13144 in process 11784, can not generate back trace
Unable to capture context for thread 13148 in process 11784, can not generate back trace
Unable to capture context for thread 13160 in process 11784, can not generate back trace
Exception at PC 0x00007FFD0EB94F69
Unable to capture context for thread 13160 in process 11784, can not generate back trace
Exception at PC 0x00007FFC92FBBB93
Printing stacktrace...

Exception at PC 0x00007FFD0EB94F69
Exception at PC 0x00007FFD0EB94F69
Exception at PC 0x00007FFD0EB94F69
Exception at PC 0x00007FFD0EB94F69
Exception at PC 0x00007FFD0EB94F69
Exception at PC 0x00007FFD0EB94F69
Exception at PC 0x00007FFD0EB94F69
Exception at PC 0x00007FFD0EB94F69
Exception at PC 0x00007FFD0EB94F69
Exception at PC 0x00007FFD0EB94F69
Exception at PC 0x00007FFD0EB94F69
Exception at PC 0x00007FFD0EB94F69
Exception at PC 0x00007FFD0EB94F69
Exception at PC 0x00007FFD0EB94F69
Exception at PC 0x00007FFD0EB94F69
Exception at PC 0x00007FFD0EB94F69
[0]  [0x00007FFC92FBBB93]
[1]  [0x00007FFC92FBBB93]
[2]  [0x00007FFC92FBB4A1]
[3]  [0x00007FFC92FBB3EF]
[4]  [0x00007FFC92FA19FE]
[5]  [0x00007FFC92FA0ED1]
[6]  [0x00007FFC92FA0D76]
[7]  [0x00007FFC92F479F6]
[8]  [0x00007FFC92F37AFB]
[9]  [0x00007FFC9305E90A]
[10]  [0x00007FFC93079F87]
[11]  [0x00007FFC9307A05F]
[12] (BaseThreadInitThunk+0x14) [0x00007FFD112F7034]
[13] (RtlUserThreadStart+0x21) [0x00007FFD114A2651]
Done
